[0.746s] Invoking command in '/home/ubuntu/ros2_ws/src/python_parameters': PYTHONPATH=/home/ubuntu/ros2_ws/build/python_parameters/prefix_override:/usr/lib/python3/dist-packages/colcon_core/task/python/colcon_distutils_commands:/home/ubuntu/ros2_ws/install/python_parameters/lib/python3.10/site-packages:${PYTHONPATH} /usr/bin/python3 -W ignore:setup.py install is deprecated -W ignore:easy_install command is deprecated setup.py egg_info --egg-base ../../build/python_parameters build --build-base /home/ubuntu/ros2_ws/build/python_parameters/build install --record /home/ubuntu/ros2_ws/build/python_parameters/install.log --single-version-externally-managed install_data
[1.059s] running egg_info
[1.060s] creating ../../build/python_parameters/python_parameters.egg-info
[1.060s] writing ../../build/python_parameters/python_parameters.egg-info/PKG-INFO
[1.060s] writing dependency_links to ../../build/python_parameters/python_parameters.egg-info/dependency_links.txt
[1.061s] writing entry points to ../../build/python_parameters/python_parameters.egg-info/entry_points.txt
[1.061s] writing requirements to ../../build/python_parameters/python_parameters.egg-info/requires.txt
[1.061s] writing top-level names to ../../build/python_parameters/python_parameters.egg-info/top_level.txt
[1.062s] writing manifest file '../../build/python_parameters/python_parameters.egg-info/SOURCES.txt'
[1.064s] reading manifest file '../../build/python_parameters/python_parameters.egg-info/SOURCES.txt'
[1.064s] adding license file 'LICENSE'
[1.065s] writing manifest file '../../build/python_parameters/python_parameters.egg-info/SOURCES.txt'
[1.065s] running build
[1.065s] running build_py
[1.065s] creating /home/ubuntu/ros2_ws/build/python_parameters/build
[1.066s] creating /home/ubuntu/ros2_ws/build/python_parameters/build/lib
[1.066s] creating /home/ubuntu/ros2_ws/build/python_parameters/build/lib/python_parameters
[1.066s] copying python_parameters/python_parameters_node.py -> /home/ubuntu/ros2_ws/build/python_parameters/build/lib/python_parameters
[1.066s] copying python_parameters/__init__.py -> /home/ubuntu/ros2_ws/build/python_parameters/build/lib/python_parameters
[1.067s] running install
[1.067s] running install_lib
[1.068s] creating /home/ubuntu/ros2_ws/install/python_parameters/lib/python3.10/site-packages/python_parameters
[1.068s] copying /home/ubuntu/ros2_ws/build/python_parameters/build/lib/python_parameters/python_parameters_node.py -> /home/ubuntu/ros2_ws/install/python_parameters/lib/python3.10/site-packages/python_parameters
[1.068s] copying /home/ubuntu/ros2_ws/build/python_parameters/build/lib/python_parameters/__init__.py -> /home/ubuntu/ros2_ws/install/python_parameters/lib/python3.10/site-packages/python_parameters
[1.069s] byte-compiling /home/ubuntu/ros2_ws/install/python_parameters/lib/python3.10/site-packages/python_parameters/python_parameters_node.py to python_parameters_node.cpython-310.pyc
[1.070s] byte-compiling /home/ubuntu/ros2_ws/install/python_parameters/lib/python3.10/site-packages/python_parameters/__init__.py to __init__.cpython-310.pyc
[1.070s] running install_data
[1.070s] creating /home/ubuntu/ros2_ws/install/python_parameters/share/ament_index
[1.070s] creating /home/ubuntu/ros2_ws/install/python_parameters/share/ament_index/resource_index
[1.071s] creating /home/ubuntu/ros2_ws/install/python_parameters/share/ament_index/resource_index/packages
[1.071s] copying resource/python_parameters -> /home/ubuntu/ros2_ws/install/python_parameters/share/ament_index/resource_index/packages
[1.071s] copying package.xml -> /home/ubuntu/ros2_ws/install/python_parameters/share/python_parameters
[1.071s] running install_egg_info
[1.076s] Copying ../../build/python_parameters/python_parameters.egg-info to /home/ubuntu/ros2_ws/install/python_parameters/lib/python3.10/site-packages/python_parameters-0.0.0-py3.10.egg-info
[1.077s] running install_scripts
[1.104s] Installing minimal_param_node script to /home/ubuntu/ros2_ws/install/python_parameters/lib/python_parameters
[1.105s] writing list of installed files to '/home/ubuntu/ros2_ws/build/python_parameters/install.log'
[1.149s] Invoked command in '/home/ubuntu/ros2_ws/src/python_parameters' returned '0': PYTHONPATH=/home/ubuntu/ros2_ws/build/python_parameters/prefix_override:/usr/lib/python3/dist-packages/colcon_core/task/python/colcon_distutils_commands:/home/ubuntu/ros2_ws/install/python_parameters/lib/python3.10/site-packages:${PYTHONPATH} /usr/bin/python3 -W ignore:setup.py install is deprecated -W ignore:easy_install command is deprecated setup.py egg_info --egg-base ../../build/python_parameters build --build-base /home/ubuntu/ros2_ws/build/python_parameters/build install --record /home/ubuntu/ros2_ws/build/python_parameters/install.log --single-version-externally-managed install_data
