running egg_info
writing ../../build/spawn_turtles/spawn_turtles.egg-info/PKG-INFO
writing dependency_links to ../../build/spawn_turtles/spawn_turtles.egg-info/dependency_links.txt
writing entry points to ../../build/spawn_turtles/spawn_turtles.egg-info/entry_points.txt
writing requirements to ../../build/spawn_turtles/spawn_turtles.egg-info/requires.txt
writing top-level names to ../../build/spawn_turtles/spawn_turtles.egg-info/top_level.txt
reading manifest file '../../build/spawn_turtles/spawn_turtles.egg-info/SOURCES.txt'
adding license file 'LICENSE'
writing manifest file '../../build/spawn_turtles/spawn_turtles.egg-info/SOURCES.txt'
running build
running build_py
running install
running install_lib
running install_data
copying package.xml -> /home/ubuntu/robot_docker/install/spawn_turtles/share/spawn_turtles
running install_egg_info
removing '/home/ubuntu/robot_docker/install/spawn_turtles/lib/python3.10/site-packages/spawn_turtles-0.0.0-py3.10.egg-info' (and everything under it)
Copying ../../build/spawn_turtles/spawn_turtles.egg-info to /home/ubuntu/robot_docker/install/spawn_turtles/lib/python3.10/site-packages/spawn_turtles-0.0.0-py3.10.egg-info
running install_scripts
Installing spawn_turtles script to /home/ubuntu/robot_docker/install/spawn_turtles/lib/spawn_turtles
writing list of installed files to '/home/ubuntu/robot_docker/build/spawn_turtles/install.log'
