[0.744s] Invoking command in '/home/ubuntu/ros2_ws/src/py_srvcli': AMENT_PREFIX_PATH=/home/ubuntu/ros2_ws/install/tutorial_interfaces:${AMENT_PREFIX_PATH} CMAKE_PREFIX_PATH=/home/ubuntu/ros2_ws/install/tutorial_interfaces:${CMAKE_PREFIX_PATH} LD_LIBRARY_PATH=/home/ubuntu/ros2_ws/install/tutorial_interfaces/lib:${LD_LIBRARY_PATH} PYTHONPATH=/home/ubuntu/ros2_ws/build/py_srvcli/prefix_override:/usr/lib/python3/dist-packages/colcon_core/task/python/colcon_distutils_commands:/home/ubuntu/ros2_ws/install/py_srvcli/lib/python3.10/site-packages:/home/ubuntu/ros2_ws/install/tutorial_interfaces/local/lib/python3.10/dist-packages:${PYTHONPATH} /usr/bin/python3 -W ignore:setup.py install is deprecated -W ignore:easy_install command is deprecated setup.py egg_info --egg-base ../../build/py_srvcli build --build-base /home/ubuntu/ros2_ws/build/py_srvcli/build install --record /home/ubuntu/ros2_ws/build/py_srvcli/install.log --single-version-externally-managed install_data
[1.010s] running egg_info
[1.010s] writing ../../build/py_srvcli/py_srvcli.egg-info/PKG-INFO
[1.010s] writing dependency_links to ../../build/py_srvcli/py_srvcli.egg-info/dependency_links.txt
[1.011s] writing entry points to ../../build/py_srvcli/py_srvcli.egg-info/entry_points.txt
[1.011s] writing requirements to ../../build/py_srvcli/py_srvcli.egg-info/requires.txt
[1.011s] writing top-level names to ../../build/py_srvcli/py_srvcli.egg-info/top_level.txt
[1.013s] reading manifest file '../../build/py_srvcli/py_srvcli.egg-info/SOURCES.txt'
[1.018s] adding license file 'LICENSE'
[1.019s] writing manifest file '../../build/py_srvcli/py_srvcli.egg-info/SOURCES.txt'
[1.019s] running build
[1.019s] running build_py
[1.019s] copying py_srvcli/client_member_function.py -> /home/ubuntu/ros2_ws/build/py_srvcli/build/lib/py_srvcli
[1.019s] copying py_srvcli/service_member_function.py -> /home/ubuntu/ros2_ws/build/py_srvcli/build/lib/py_srvcli
[1.020s] running install
[1.020s] running install_lib
[1.022s] copying /home/ubuntu/ros2_ws/build/py_srvcli/build/lib/py_srvcli/client_member_function.py -> /home/ubuntu/ros2_ws/install/py_srvcli/lib/python3.10/site-packages/py_srvcli
[1.022s] copying /home/ubuntu/ros2_ws/build/py_srvcli/build/lib/py_srvcli/service_member_function.py -> /home/ubuntu/ros2_ws/install/py_srvcli/lib/python3.10/site-packages/py_srvcli
[1.023s] byte-compiling /home/ubuntu/ros2_ws/install/py_srvcli/lib/python3.10/site-packages/py_srvcli/client_member_function.py to client_member_function.cpython-310.pyc
[1.023s]   File "/home/ubuntu/ros2_ws/install/py_srvcli/lib/python3.10/site-packages/py_srvcli/client_member_function.py", line 39
[1.023s]     else:
[1.023s]     ^^^^
[1.023s] SyntaxError: invalid syntax
[1.023s] 
[1.023s] byte-compiling /home/ubuntu/ros2_ws/install/py_srvcli/lib/python3.10/site-packages/py_srvcli/service_member_function.py to service_member_function.cpython-310.pyc
[1.024s] running install_data
[1.024s] copying package.xml -> /home/ubuntu/ros2_ws/install/py_srvcli/share/py_srvcli
[1.024s] running install_egg_info
[1.025s] removing '/home/ubuntu/ros2_ws/install/py_srvcli/lib/python3.10/site-packages/py_srvcli-0.0.0-py3.10.egg-info' (and everything under it)
[1.026s] Copying ../../build/py_srvcli/py_srvcli.egg-info to /home/ubuntu/ros2_ws/install/py_srvcli/lib/python3.10/site-packages/py_srvcli-0.0.0-py3.10.egg-info
[1.027s] running install_scripts
[1.051s] Installing client script to /home/ubuntu/ros2_ws/install/py_srvcli/lib/py_srvcli
[1.051s] Installing service script to /home/ubuntu/ros2_ws/install/py_srvcli/lib/py_srvcli
[1.051s] writing list of installed files to '/home/ubuntu/ros2_ws/build/py_srvcli/install.log'
[1.084s] Invoked command in '/home/ubuntu/ros2_ws/src/py_srvcli' returned '0': AMENT_PREFIX_PATH=/home/ubuntu/ros2_ws/install/tutorial_interfaces:${AMENT_PREFIX_PATH} CMAKE_PREFIX_PATH=/home/ubuntu/ros2_ws/install/tutorial_interfaces:${CMAKE_PREFIX_PATH} LD_LIBRARY_PATH=/home/ubuntu/ros2_ws/install/tutorial_interfaces/lib:${LD_LIBRARY_PATH} PYTHONPATH=/home/ubuntu/ros2_ws/build/py_srvcli/prefix_override:/usr/lib/python3/dist-packages/colcon_core/task/python/colcon_distutils_commands:/home/ubuntu/ros2_ws/install/py_srvcli/lib/python3.10/site-packages:/home/ubuntu/ros2_ws/install/tutorial_interfaces/local/lib/python3.10/dist-packages:${PYTHONPATH} /usr/bin/python3 -W ignore:setup.py install is deprecated -W ignore:easy_install command is deprecated setup.py egg_info --egg-base ../../build/py_srvcli build --build-base /home/ubuntu/ros2_ws/build/py_srvcli/build install --record /home/ubuntu/ros2_ws/build/py_srvcli/install.log --single-version-externally-managed install_data
