[0.011s] Invoking command in '/home/ubuntu/ros2_ws/build/turtlesim': CMAKE_PREFIX_PATH=/opt/ros/humble /usr/bin/cmake /home/ubuntu/ros2_ws/src/ros_tutorials/turtlesim -DCMAKE_INSTALL_PREFIX=/home/ubuntu/ros2_ws/install/turtlesim
[0.024s] -- Found ament_cmake: 1.3.11 (/opt/ros/humble/share/ament_cmake/cmake)
[0.148s] -- Override CMake install command with custom implementation using symlinks instead of copying resources
[0.165s] -- Found ament_index_cpp: 1.4.0 (/opt/ros/humble/share/ament_index_cpp/cmake)
[0.167s] -- Found geometry_msgs: 4.2.4 (/opt/ros/humble/share/geometry_msgs/cmake)
[0.200s] -- Found rosidl_generator_c: 3.1.6 (/opt/ros/humble/share/rosidl_generator_c/cmake)
[0.203s] -- Found rosidl_adapter: 3.1.6 (/opt/ros/humble/share/rosidl_adapter/cmake)
[0.211s] -- Found rosidl_generator_cpp: 3.1.6 (/opt/ros/humble/share/rosidl_generator_cpp/cmake)
[0.223s] -- Using all available rosidl_typesupport_c: rosidl_typesupport_fastrtps_c;rosidl_typesupport_introspection_c
[0.238s] -- Using all available rosidl_typesupport_cpp: rosidl_typesupport_fastrtps_cpp;rosidl_typesupport_introspection_cpp
[0.292s] -- Found rclcpp: 16.0.11 (/opt/ros/humble/share/rclcpp/cmake)
[0.324s] -- Found rmw_implementation_cmake: 6.1.2 (/opt/ros/humble/share/rmw_implementation_cmake/cmake)
[0.327s] -- Found rmw_fastrtps_cpp: 6.2.7 (/opt/ros/humble/share/rmw_fastrtps_cpp/cmake)
[0.451s] -- Using RMW implementation 'rmw_fastrtps_cpp' as default
[0.496s] -- Found rclcpp_action: 16.0.11 (/opt/ros/humble/share/rclcpp_action/cmake)
[0.532s] -- Found rosidl_default_generators: 1.2.0 (/opt/ros/humble/share/rosidl_default_generators/cmake)
[0.542s] -- Found std_srvs: 4.2.4 (/opt/ros/humble/share/std_srvs/cmake)
[0.845s] -- Found ament_cmake_ros: 0.10.0 (/opt/ros/humble/share/ament_cmake_ros/cmake)
[1.139s] -- Using all available rosidl_typesupport_c: rosidl_typesupport_fastrtps_c;rosidl_typesupport_introspection_c
[1.253s] -- Using all available rosidl_typesupport_cpp: rosidl_typesupport_fastrtps_cpp;rosidl_typesupport_introspection_cpp
[1.274s] -- Found python_cmake_module: 0.10.0 (/opt/ros/humble/share/python_cmake_module/cmake)
[1.295s] -- Using PYTHON_EXECUTABLE: /usr/bin/python3
[1.296s] -- Using PYTHON_INCLUDE_DIRS: /usr/include/python3.10
[1.296s] -- Using PYTHON_LIBRARIES: /usr/lib/x86_64-linux-gnu/libpython3.10.so
[1.337s] -- Configuring done
[1.404s] -- Generating done
[1.424s] -- Build files have been written to: /home/ubuntu/ros2_ws/build/turtlesim
[1.435s] Invoked command in '/home/ubuntu/ros2_ws/build/turtlesim' returned '0': CMAKE_PREFIX_PATH=/opt/ros/humble /usr/bin/cmake /home/ubuntu/ros2_ws/src/ros_tutorials/turtlesim -DCMAKE_INSTALL_PREFIX=/home/ubuntu/ros2_ws/install/turtlesim
[1.436s] Invoking command in '/home/ubuntu/ros2_ws/build/turtlesim': CMAKE_PREFIX_PATH=/opt/ros/humble /usr/bin/cmake --build /home/ubuntu/ros2_ws/build/turtlesim -- -j8 -l8
[1.474s] [35m[1mConsolidate compiler generated dependencies of target turtlesim__rosidl_generator_c[0m
[1.478s] [  1%] Built target turtlesim__cpp
[1.485s] [  1%] Built target ament_cmake_python_symlink_turtlesim
[1.489s] [ 11%] Built target turtlesim__rosidl_generator_c
[1.491s] [35m[1mConsolidate compiler generated dependencies of target turtlesim__rosidl_typesupport_fastrtps_cpp[0m
[1.492s] [35m[1mConsolidate compiler generated dependencies of target turtlesim__rosidl_typesupport_cpp[0m
[1.494s] [35m[1mConsolidate compiler generated dependencies of target turtlesim__rosidl_typesupport_introspection_cpp[0m
[1.505s] [35m[1mConsolidate compiler generated dependencies of target turtlesim__rosidl_typesupport_c[0m
[1.505s] [35m[1mConsolidate compiler generated dependencies of target turtlesim__rosidl_typesupport_introspection_c[0m
[1.507s] [35m[1mConsolidate compiler generated dependencies of target turtlesim__rosidl_typesupport_fastrtps_c[0m
[1.520s] [ 21%] Built target turtlesim__rosidl_typesupport_cpp
[1.522s] [ 51%] Built target turtlesim__rosidl_typesupport_fastrtps_cpp
[1.522s] [ 51%] Built target turtlesim__rosidl_typesupport_introspection_cpp
[1.523s] [ 51%] Built target turtlesim__rosidl_typesupport_c
[1.525s] [ 61%] Built target turtlesim__rosidl_typesupport_introspection_c
[1.534s] [35m[1mConsolidate compiler generated dependencies of target draw_square[0m
[1.535s] [35m[1mConsolidate compiler generated dependencies of target turtle_teleop_key[0m
[1.537s] [35m[1mConsolidate compiler generated dependencies of target mimic[0m
[1.539s] [ 71%] Built target turtlesim__rosidl_typesupport_fastrtps_c
[1.540s] [35m[1mConsolidate compiler generated dependencies of target turtlesim_node[0m
[1.555s] [ 73%] Built target draw_square
[1.560s] [ 75%] Built target mimic
[1.562s] [ 76%] Built target turtlesim
[1.563s] [ 77%] Built target turtle_teleop_key
[1.579s] [ 78%] [32mBuilding CXX object CMakeFiles/turtlesim_node.dir/src/turtle_frame.cpp.o[0m
[1.579s] [ 79%] Built target turtlesim__py
[1.590s] [35m[1mConsolidate compiler generated dependencies of target turtlesim__rosidl_generator_py[0m
[1.607s] [ 88%] Built target turtlesim__rosidl_generator_py
[1.619s] [35m[1mConsolidate compiler generated dependencies of target turtlesim__rosidl_typesupport_fastrtps_c__pyext[0m
[1.619s] [35m[1mConsolidate compiler generated dependencies of target turtlesim__rosidl_typesupport_introspection_c__pyext[0m
[1.619s] [35m[1mConsolidate compiler generated dependencies of target turtlesim__rosidl_typesupport_c__pyext[0m
[1.635s] [ 90%] Built target turtlesim__rosidl_typesupport_introspection_c__pyext
[1.637s] [ 94%] Built target turtlesim__rosidl_typesupport_fastrtps_c__pyext
[1.637s] [ 94%] Built target turtlesim__rosidl_typesupport_c__pyext
[1.793s] running egg_info
[1.793s] writing turtlesim.egg-info/PKG-INFO
[1.794s] writing dependency_links to turtlesim.egg-info/dependency_links.txt
[1.794s] writing top-level names to turtlesim.egg-info/top_level.txt
[1.797s] reading manifest file 'turtlesim.egg-info/SOURCES.txt'
[1.798s] writing manifest file 'turtlesim.egg-info/SOURCES.txt'
[1.823s] [ 94%] Built target ament_cmake_python_build_turtlesim_egg
[12.984s] [ 95%] [32m[1mLinking CXX executable turtlesim_node[0m
[15.620s] [100%] Built target turtlesim_node
[15.670s] Invoked command in '/home/ubuntu/ros2_ws/build/turtlesim' returned '0': CMAKE_PREFIX_PATH=/opt/ros/humble /usr/bin/cmake --build /home/ubuntu/ros2_ws/build/turtlesim -- -j8 -l8
[15.681s] Invoking command in '/home/ubuntu/ros2_ws/build/turtlesim': CMAKE_PREFIX_PATH=/opt/ros/humble /usr/bin/cmake --install /home/ubuntu/ros2_ws/build/turtlesim
[15.688s] -- Install configuration: ""
[15.689s] -- Execute custom install script
[15.689s] -- Up-to-date symlink: /home/ubuntu/ros2_ws/install/turtlesim/share/ament_index/resource_index/rosidl_interfaces/turtlesim
[15.690s] -- Up-to-date symlink: /home/ubuntu/ros2_ws/install/turtlesim/include/turtlesim/turtlesim/action/detail/rotate_absolute__functions.h
[15.690s] -- Up-to-date symlink: /home/ubuntu/ros2_ws/install/turtlesim/include/turtlesim/turtlesim/action/detail/rotate_absolute__struct.h
[15.690s] -- Up-to-date symlink: /home/ubuntu/ros2_ws/install/turtlesim/include/turtlesim/turtlesim/action/detail/rotate_absolute__type_support.h
[15.690s] -- Up-to-date symlink: /home/ubuntu/ros2_ws/install/turtlesim/include/turtlesim/turtlesim/action/rotate_absolute.h
[15.690s] -- Up-to-date symlink: /home/ubuntu/ros2_ws/install/turtlesim/include/turtlesim/turtlesim/msg/color.h
[15.690s] -- Up-to-date symlink: /home/ubuntu/ros2_ws/install/turtlesim/include/turtlesim/turtlesim/msg/detail/color__functions.h
[15.690s] -- Up-to-date symlink: /home/ubuntu/ros2_ws/install/turtlesim/include/turtlesim/turtlesim/msg/detail/color__struct.h
[15.690s] -- Up-to-date symlink: /home/ubuntu/ros2_ws/install/turtlesim/include/turtlesim/turtlesim/msg/detail/color__type_support.h
[15.690s] -- Up-to-date symlink: /home/ubuntu/ros2_ws/install/turtlesim/include/turtlesim/turtlesim/msg/detail/pose__functions.h
[15.691s] -- Up-to-date symlink: /home/ubuntu/ros2_ws/install/turtlesim/include/turtlesim/turtlesim/msg/detail/pose__struct.h
[15.691s] -- Up-to-date symlink: /home/ubuntu/ros2_ws/install/turtlesim/include/turtlesim/turtlesim/msg/detail/pose__type_support.h
[15.691s] -- Up-to-date symlink: /home/ubuntu/ros2_ws/install/turtlesim/include/turtlesim/turtlesim/msg/pose.h
[15.691s] -- Up-to-date symlink: /home/ubuntu/ros2_ws/install/turtlesim/include/turtlesim/turtlesim/msg/rosidl_generator_c__visibility_control.h
[15.691s] -- Up-to-date symlink: /home/ubuntu/ros2_ws/install/turtlesim/include/turtlesim/turtlesim/srv/detail/kill__functions.h
[15.691s] -- Up-to-date symlink: /home/ubuntu/ros2_ws/install/turtlesim/include/turtlesim/turtlesim/srv/detail/kill__struct.h
[15.691s] -- Up-to-date symlink: /home/ubuntu/ros2_ws/install/turtlesim/include/turtlesim/turtlesim/srv/detail/kill__type_support.h
[15.691s] -- Up-to-date symlink: /home/ubuntu/ros2_ws/install/turtlesim/include/turtlesim/turtlesim/srv/detail/set_pen__functions.h
[15.691s] -- Up-to-date symlink: /home/ubuntu/ros2_ws/install/turtlesim/include/turtlesim/turtlesim/srv/detail/set_pen__struct.h
[15.692s] -- Up-to-date symlink: /home/ubuntu/ros2_ws/install/turtlesim/include/turtlesim/turtlesim/srv/detail/set_pen__type_support.h
[15.692s] -- Up-to-date symlink: /home/ubuntu/ros2_ws/install/turtlesim/include/turtlesim/turtlesim/srv/detail/spawn__functions.h
[15.692s] -- Up-to-date symlink: /home/ubuntu/ros2_ws/install/turtlesim/include/turtlesim/turtlesim/srv/detail/spawn__struct.h
[15.692s] -- Up-to-date symlink: /home/ubuntu/ros2_ws/install/turtlesim/include/turtlesim/turtlesim/srv/detail/spawn__type_support.h
[15.692s] -- Up-to-date symlink: /home/ubuntu/ros2_ws/install/turtlesim/include/turtlesim/turtlesim/srv/detail/teleport_absolute__functions.h
[15.692s] -- Up-to-date symlink: /home/ubuntu/ros2_ws/install/turtlesim/include/turtlesim/turtlesim/srv/detail/teleport_absolute__struct.h
[15.692s] -- Up-to-date symlink: /home/ubuntu/ros2_ws/install/turtlesim/include/turtlesim/turtlesim/srv/detail/teleport_absolute__type_support.h
[15.692s] -- Up-to-date symlink: /home/ubuntu/ros2_ws/install/turtlesim/include/turtlesim/turtlesim/srv/detail/teleport_relative__functions.h
[15.692s] -- Up-to-date symlink: /home/ubuntu/ros2_ws/install/turtlesim/include/turtlesim/turtlesim/srv/detail/teleport_relative__struct.h
[15.693s] -- Up-to-date symlink: /home/ubuntu/ros2_ws/install/turtlesim/include/turtlesim/turtlesim/srv/detail/teleport_relative__type_support.h
[15.693s] -- Up-to-date symlink: /home/ubuntu/ros2_ws/install/turtlesim/include/turtlesim/turtlesim/srv/kill.h
[15.693s] -- Up-to-date symlink: /home/ubuntu/ros2_ws/install/turtlesim/include/turtlesim/turtlesim/srv/set_pen.h
[15.693s] -- Up-to-date symlink: /home/ubuntu/ros2_ws/install/turtlesim/include/turtlesim/turtlesim/srv/spawn.h
[15.693s] -- Up-to-date symlink: /home/ubuntu/ros2_ws/install/turtlesim/include/turtlesim/turtlesim/srv/teleport_absolute.h
[15.693s] -- Up-to-date symlink: /home/ubuntu/ros2_ws/install/turtlesim/include/turtlesim/turtlesim/srv/teleport_relative.h
[15.693s] -- Up-to-date symlink: /home/ubuntu/ros2_ws/install/turtlesim/share/turtlesim/environment/library_path.sh
[15.693s] -- Up-to-date symlink: /home/ubuntu/ros2_ws/install/turtlesim/share/turtlesim/environment/library_path.dsv
[15.694s] -- Up-to-date symlink: /home/ubuntu/ros2_ws/install/turtlesim/include/turtlesim/turtlesim/action/detail/rotate_absolute__rosidl_typesupport_fastrtps_c.h
[15.694s] -- Up-to-date symlink: /home/ubuntu/ros2_ws/install/turtlesim/include/turtlesim/turtlesim/msg/detail/color__rosidl_typesupport_fastrtps_c.h
[15.694s] -- Up-to-date symlink: /home/ubuntu/ros2_ws/install/turtlesim/include/turtlesim/turtlesim/msg/detail/pose__rosidl_typesupport_fastrtps_c.h
[15.695s] -- Up-to-date symlink: /home/ubuntu/ros2_ws/install/turtlesim/include/turtlesim/turtlesim/msg/rosidl_typesupport_fastrtps_c__visibility_control.h
[15.695s] -- Up-to-date symlink: /home/ubuntu/ros2_ws/install/turtlesim/include/turtlesim/turtlesim/srv/detail/kill__rosidl_typesupport_fastrtps_c.h
[15.695s] -- Up-to-date symlink: /home/ubuntu/ros2_ws/install/turtlesim/include/turtlesim/turtlesim/srv/detail/set_pen__rosidl_typesupport_fastrtps_c.h
[15.695s] -- Up-to-date symlink: /home/ubuntu/ros2_ws/install/turtlesim/include/turtlesim/turtlesim/srv/detail/spawn__rosidl_typesupport_fastrtps_c.h
[15.695s] -- Up-to-date symlink: /home/ubuntu/ros2_ws/install/turtlesim/include/turtlesim/turtlesim/srv/detail/teleport_absolute__rosidl_typesupport_fastrtps_c.h
[15.695s] -- Up-to-date symlink: /home/ubuntu/ros2_ws/install/turtlesim/include/turtlesim/turtlesim/srv/detail/teleport_relative__rosidl_typesupport_fastrtps_c.h
[15.696s] -- Up-to-date symlink: /home/ubuntu/ros2_ws/install/turtlesim/include/turtlesim/turtlesim/action/detail/rotate_absolute__builder.hpp
[15.696s] -- Up-to-date symlink: /home/ubuntu/ros2_ws/install/turtlesim/include/turtlesim/turtlesim/action/detail/rotate_absolute__struct.hpp
[15.696s] -- Up-to-date symlink: /home/ubuntu/ros2_ws/install/turtlesim/include/turtlesim/turtlesim/action/detail/rotate_absolute__traits.hpp
[15.696s] -- Up-to-date symlink: /home/ubuntu/ros2_ws/install/turtlesim/include/turtlesim/turtlesim/action/detail/rotate_absolute__type_support.hpp
[15.696s] -- Up-to-date symlink: /home/ubuntu/ros2_ws/install/turtlesim/include/turtlesim/turtlesim/action/rotate_absolute.hpp
[15.696s] -- Up-to-date symlink: /home/ubuntu/ros2_ws/install/turtlesim/include/turtlesim/turtlesim/msg/color.hpp
[15.696s] -- Up-to-date symlink: /home/ubuntu/ros2_ws/install/turtlesim/include/turtlesim/turtlesim/msg/detail/color__builder.hpp
[15.697s] -- Up-to-date symlink: /home/ubuntu/ros2_ws/install/turtlesim/include/turtlesim/turtlesim/msg/detail/color__struct.hpp
[15.697s] -- Up-to-date symlink: /home/ubuntu/ros2_ws/install/turtlesim/include/turtlesim/turtlesim/msg/detail/color__traits.hpp
[15.697s] -- Up-to-date symlink: /home/ubuntu/ros2_ws/install/turtlesim/include/turtlesim/turtlesim/msg/detail/color__type_support.hpp
[15.697s] -- Up-to-date symlink: /home/ubuntu/ros2_ws/install/turtlesim/include/turtlesim/turtlesim/msg/detail/pose__builder.hpp
[15.697s] -- Up-to-date symlink: /home/ubuntu/ros2_ws/install/turtlesim/include/turtlesim/turtlesim/msg/detail/pose__struct.hpp
[15.697s] -- Up-to-date symlink: /home/ubuntu/ros2_ws/install/turtlesim/include/turtlesim/turtlesim/msg/detail/pose__traits.hpp
[15.697s] -- Up-to-date symlink: /home/ubuntu/ros2_ws/install/turtlesim/include/turtlesim/turtlesim/msg/detail/pose__type_support.hpp
[15.697s] -- Up-to-date symlink: /home/ubuntu/ros2_ws/install/turtlesim/include/turtlesim/turtlesim/msg/pose.hpp
[15.697s] -- Up-to-date symlink: /home/ubuntu/ros2_ws/install/turtlesim/include/turtlesim/turtlesim/msg/rosidl_generator_cpp__visibility_control.hpp
[15.698s] -- Up-to-date symlink: /home/ubuntu/ros2_ws/install/turtlesim/include/turtlesim/turtlesim/srv/detail/kill__builder.hpp
[15.698s] -- Up-to-date symlink: /home/ubuntu/ros2_ws/install/turtlesim/include/turtlesim/turtlesim/srv/detail/kill__struct.hpp
[15.698s] -- Up-to-date symlink: /home/ubuntu/ros2_ws/install/turtlesim/include/turtlesim/turtlesim/srv/detail/kill__traits.hpp
[15.698s] -- Up-to-date symlink: /home/ubuntu/ros2_ws/install/turtlesim/include/turtlesim/turtlesim/srv/detail/kill__type_support.hpp
[15.698s] -- Up-to-date symlink: /home/ubuntu/ros2_ws/install/turtlesim/include/turtlesim/turtlesim/srv/detail/set_pen__builder.hpp
[15.698s] -- Up-to-date symlink: /home/ubuntu/ros2_ws/install/turtlesim/include/turtlesim/turtlesim/srv/detail/set_pen__struct.hpp
[15.698s] -- Up-to-date symlink: /home/ubuntu/ros2_ws/install/turtlesim/include/turtlesim/turtlesim/srv/detail/set_pen__traits.hpp
[15.699s] -- Up-to-date symlink: /home/ubuntu/ros2_ws/install/turtlesim/include/turtlesim/turtlesim/srv/detail/set_pen__type_support.hpp
[15.699s] -- Up-to-date symlink: /home/ubuntu/ros2_ws/install/turtlesim/include/turtlesim/turtlesim/srv/detail/spawn__builder.hpp
[15.699s] -- Up-to-date symlink: /home/ubuntu/ros2_ws/install/turtlesim/include/turtlesim/turtlesim/srv/detail/spawn__struct.hpp
[15.699s] -- Up-to-date symlink: /home/ubuntu/ros2_ws/install/turtlesim/include/turtlesim/turtlesim/srv/detail/spawn__traits.hpp
[15.699s] -- Up-to-date symlink: /home/ubuntu/ros2_ws/install/turtlesim/include/turtlesim/turtlesim/srv/detail/spawn__type_support.hpp
[15.699s] -- Up-to-date symlink: /home/ubuntu/ros2_ws/install/turtlesim/include/turtlesim/turtlesim/srv/detail/teleport_absolute__builder.hpp
[15.699s] -- Up-to-date symlink: /home/ubuntu/ros2_ws/install/turtlesim/include/turtlesim/turtlesim/srv/detail/teleport_absolute__struct.hpp
[15.699s] -- Up-to-date symlink: /home/ubuntu/ros2_ws/install/turtlesim/include/turtlesim/turtlesim/srv/detail/teleport_absolute__traits.hpp
[15.700s] -- Up-to-date symlink: /home/ubuntu/ros2_ws/install/turtlesim/include/turtlesim/turtlesim/srv/detail/teleport_absolute__type_support.hpp
[15.700s] -- Up-to-date symlink: /home/ubuntu/ros2_ws/install/turtlesim/include/turtlesim/turtlesim/srv/detail/teleport_relative__builder.hpp
[15.700s] -- Up-to-date symlink: /home/ubuntu/ros2_ws/install/turtlesim/include/turtlesim/turtlesim/srv/detail/teleport_relative__struct.hpp
[15.700s] -- Up-to-date symlink: /home/ubuntu/ros2_ws/install/turtlesim/include/turtlesim/turtlesim/srv/detail/teleport_relative__traits.hpp
[15.700s] -- Up-to-date symlink: /home/ubuntu/ros2_ws/install/turtlesim/include/turtlesim/turtlesim/srv/detail/teleport_relative__type_support.hpp
[15.700s] -- Up-to-date symlink: /home/ubuntu/ros2_ws/install/turtlesim/include/turtlesim/turtlesim/srv/kill.hpp
[15.700s] -- Up-to-date symlink: /home/ubuntu/ros2_ws/install/turtlesim/include/turtlesim/turtlesim/srv/set_pen.hpp
[15.700s] -- Up-to-date symlink: /home/ubuntu/ros2_ws/install/turtlesim/include/turtlesim/turtlesim/srv/spawn.hpp
[15.700s] -- Up-to-date symlink: /home/ubuntu/ros2_ws/install/turtlesim/include/turtlesim/turtlesim/srv/teleport_absolute.hpp
[15.700s] -- Up-to-date symlink: /home/ubuntu/ros2_ws/install/turtlesim/include/turtlesim/turtlesim/srv/teleport_relative.hpp
[15.701s] -- Up-to-date symlink: /home/ubuntu/ros2_ws/install/turtlesim/include/turtlesim/turtlesim/action/detail/rotate_absolute__rosidl_typesupport_fastrtps_cpp.hpp
[15.701s] -- Up-to-date symlink: /home/ubuntu/ros2_ws/install/turtlesim/include/turtlesim/turtlesim/msg/detail/color__rosidl_typesupport_fastrtps_cpp.hpp
[15.701s] -- Up-to-date symlink: /home/ubuntu/ros2_ws/install/turtlesim/include/turtlesim/turtlesim/msg/detail/pose__rosidl_typesupport_fastrtps_cpp.hpp
[15.701s] -- Up-to-date symlink: /home/ubuntu/ros2_ws/install/turtlesim/include/turtlesim/turtlesim/msg/rosidl_typesupport_fastrtps_cpp__visibility_control.h
[15.701s] -- Up-to-date symlink: /home/ubuntu/ros2_ws/install/turtlesim/include/turtlesim/turtlesim/srv/detail/kill__rosidl_typesupport_fastrtps_cpp.hpp
[15.702s] -- Up-to-date symlink: /home/ubuntu/ros2_ws/install/turtlesim/include/turtlesim/turtlesim/srv/detail/set_pen__rosidl_typesupport_fastrtps_cpp.hpp
[15.702s] -- Up-to-date symlink: /home/ubuntu/ros2_ws/install/turtlesim/include/turtlesim/turtlesim/srv/detail/spawn__rosidl_typesupport_fastrtps_cpp.hpp
[15.702s] -- Up-to-date symlink: /home/ubuntu/ros2_ws/install/turtlesim/include/turtlesim/turtlesim/srv/detail/teleport_absolute__rosidl_typesupport_fastrtps_cpp.hpp
[15.702s] -- Up-to-date symlink: /home/ubuntu/ros2_ws/install/turtlesim/include/turtlesim/turtlesim/srv/detail/teleport_relative__rosidl_typesupport_fastrtps_cpp.hpp
[15.702s] -- Up-to-date symlink: /home/ubuntu/ros2_ws/install/turtlesim/include/turtlesim/turtlesim/action/detail/rotate_absolute__rosidl_typesupport_introspection_c.h
[15.702s] -- Up-to-date symlink: /home/ubuntu/ros2_ws/install/turtlesim/include/turtlesim/turtlesim/msg/detail/color__rosidl_typesupport_introspection_c.h
[15.703s] -- Up-to-date symlink: /home/ubuntu/ros2_ws/install/turtlesim/include/turtlesim/turtlesim/msg/detail/pose__rosidl_typesupport_introspection_c.h
[15.703s] -- Up-to-date symlink: /home/ubuntu/ros2_ws/install/turtlesim/include/turtlesim/turtlesim/msg/rosidl_typesupport_introspection_c__visibility_control.h
[15.703s] -- Up-to-date symlink: /home/ubuntu/ros2_ws/install/turtlesim/include/turtlesim/turtlesim/srv/detail/kill__rosidl_typesupport_introspection_c.h
[15.703s] -- Up-to-date symlink: /home/ubuntu/ros2_ws/install/turtlesim/include/turtlesim/turtlesim/srv/detail/set_pen__rosidl_typesupport_introspection_c.h
[15.703s] -- Up-to-date symlink: /home/ubuntu/ros2_ws/install/turtlesim/include/turtlesim/turtlesim/srv/detail/spawn__rosidl_typesupport_introspection_c.h
[15.703s] -- Up-to-date symlink: /home/ubuntu/ros2_ws/install/turtlesim/include/turtlesim/turtlesim/srv/detail/teleport_absolute__rosidl_typesupport_introspection_c.h
[15.703s] -- Up-to-date symlink: /home/ubuntu/ros2_ws/install/turtlesim/include/turtlesim/turtlesim/srv/detail/teleport_relative__rosidl_typesupport_introspection_c.h
[15.704s] -- Up-to-date symlink: /home/ubuntu/ros2_ws/install/turtlesim/include/turtlesim/turtlesim/action/detail/rotate_absolute__rosidl_typesupport_introspection_cpp.hpp
[15.704s] -- Up-to-date symlink: /home/ubuntu/ros2_ws/install/turtlesim/include/turtlesim/turtlesim/msg/detail/color__rosidl_typesupport_introspection_cpp.hpp
[15.704s] -- Up-to-date symlink: /home/ubuntu/ros2_ws/install/turtlesim/include/turtlesim/turtlesim/msg/detail/pose__rosidl_typesupport_introspection_cpp.hpp
[15.704s] -- Up-to-date symlink: /home/ubuntu/ros2_ws/install/turtlesim/include/turtlesim/turtlesim/srv/detail/kill__rosidl_typesupport_introspection_cpp.hpp
[15.704s] -- Up-to-date symlink: /home/ubuntu/ros2_ws/install/turtlesim/include/turtlesim/turtlesim/srv/detail/set_pen__rosidl_typesupport_introspection_cpp.hpp
[15.704s] -- Up-to-date symlink: /home/ubuntu/ros2_ws/install/turtlesim/include/turtlesim/turtlesim/srv/detail/spawn__rosidl_typesupport_introspection_cpp.hpp
[15.704s] -- Up-to-date symlink: /home/ubuntu/ros2_ws/install/turtlesim/include/turtlesim/turtlesim/srv/detail/teleport_absolute__rosidl_typesupport_introspection_cpp.hpp
[15.704s] -- Up-to-date symlink: /home/ubuntu/ros2_ws/install/turtlesim/include/turtlesim/turtlesim/srv/detail/teleport_relative__rosidl_typesupport_introspection_cpp.hpp
[15.705s] -- Up-to-date symlink: /home/ubuntu/ros2_ws/install/turtlesim/share/turtlesim/environment/pythonpath.sh
[15.705s] -- Up-to-date symlink: /home/ubuntu/ros2_ws/install/turtlesim/share/turtlesim/environment/pythonpath.dsv
[15.705s] -- Up-to-date symlink: /home/ubuntu/ros2_ws/install/turtlesim/local/lib/python3.10/dist-packages/turtlesim-1.4.2-py3.10.egg-info/PKG-INFO
[15.705s] -- Up-to-date symlink: /home/ubuntu/ros2_ws/install/turtlesim/local/lib/python3.10/dist-packages/turtlesim-1.4.2-py3.10.egg-info/SOURCES.txt
[15.705s] -- Up-to-date symlink: /home/ubuntu/ros2_ws/install/turtlesim/local/lib/python3.10/dist-packages/turtlesim-1.4.2-py3.10.egg-info/dependency_links.txt
[15.705s] -- Up-to-date symlink: /home/ubuntu/ros2_ws/install/turtlesim/local/lib/python3.10/dist-packages/turtlesim-1.4.2-py3.10.egg-info/top_level.txt
[15.706s] -- Up-to-date symlink: /home/ubuntu/ros2_ws/install/turtlesim/local/lib/python3.10/dist-packages/turtlesim/__init__.py
[15.706s] -- Up-to-date symlink: /home/ubuntu/ros2_ws/install/turtlesim/local/lib/python3.10/dist-packages/turtlesim/_turtlesim_s.ep.rosidl_typesupport_c.c
[15.706s] -- Up-to-date symlink: /home/ubuntu/ros2_ws/install/turtlesim/local/lib/python3.10/dist-packages/turtlesim/_turtlesim_s.ep.rosidl_typesupport_fastrtps_c.c
[15.706s] -- Up-to-date symlink: /home/ubuntu/ros2_ws/install/turtlesim/local/lib/python3.10/dist-packages/turtlesim/_turtlesim_s.ep.rosidl_typesupport_introspection_c.c
[15.707s] -- Up-to-date symlink: /home/ubuntu/ros2_ws/install/turtlesim/local/lib/python3.10/dist-packages/turtlesim/action/__init__.py
[15.707s] -- Up-to-date symlink: /home/ubuntu/ros2_ws/install/turtlesim/local/lib/python3.10/dist-packages/turtlesim/action/_rotate_absolute.py
[15.707s] -- Up-to-date symlink: /home/ubuntu/ros2_ws/install/turtlesim/local/lib/python3.10/dist-packages/turtlesim/action/_rotate_absolute_s.c
[15.707s] -- Up-to-date symlink: /home/ubuntu/ros2_ws/install/turtlesim/local/lib/python3.10/dist-packages/turtlesim/libturtlesim__rosidl_generator_py.so
[15.707s] -- Up-to-date symlink: /home/ubuntu/ros2_ws/install/turtlesim/local/lib/python3.10/dist-packages/turtlesim/msg/__init__.py
[15.707s] -- Up-to-date symlink: /home/ubuntu/ros2_ws/install/turtlesim/local/lib/python3.10/dist-packages/turtlesim/msg/_color.py
[15.707s] -- Up-to-date symlink: /home/ubuntu/ros2_ws/install/turtlesim/local/lib/python3.10/dist-packages/turtlesim/msg/_color_s.c
[15.707s] -- Up-to-date symlink: /home/ubuntu/ros2_ws/install/turtlesim/local/lib/python3.10/dist-packages/turtlesim/msg/_pose.py
[15.707s] -- Up-to-date symlink: /home/ubuntu/ros2_ws/install/turtlesim/local/lib/python3.10/dist-packages/turtlesim/msg/_pose_s.c
[15.707s] -- Up-to-date symlink: /home/ubuntu/ros2_ws/install/turtlesim/local/lib/python3.10/dist-packages/turtlesim/srv/__init__.py
[15.708s] -- Up-to-date symlink: /home/ubuntu/ros2_ws/install/turtlesim/local/lib/python3.10/dist-packages/turtlesim/srv/_kill.py
[15.708s] -- Up-to-date symlink: /home/ubuntu/ros2_ws/install/turtlesim/local/lib/python3.10/dist-packages/turtlesim/srv/_kill_s.c
[15.708s] -- Up-to-date symlink: /home/ubuntu/ros2_ws/install/turtlesim/local/lib/python3.10/dist-packages/turtlesim/srv/_set_pen.py
[15.708s] -- Up-to-date symlink: /home/ubuntu/ros2_ws/install/turtlesim/local/lib/python3.10/dist-packages/turtlesim/srv/_set_pen_s.c
[15.708s] -- Up-to-date symlink: /home/ubuntu/ros2_ws/install/turtlesim/local/lib/python3.10/dist-packages/turtlesim/srv/_spawn.py
[15.708s] -- Up-to-date symlink: /home/ubuntu/ros2_ws/install/turtlesim/local/lib/python3.10/dist-packages/turtlesim/srv/_spawn_s.c
[15.708s] -- Up-to-date symlink: /home/ubuntu/ros2_ws/install/turtlesim/local/lib/python3.10/dist-packages/turtlesim/srv/_teleport_absolute.py
[15.708s] -- Up-to-date symlink: /home/ubuntu/ros2_ws/install/turtlesim/local/lib/python3.10/dist-packages/turtlesim/srv/_teleport_absolute_s.c
[15.708s] -- Up-to-date symlink: /home/ubuntu/ros2_ws/install/turtlesim/local/lib/python3.10/dist-packages/turtlesim/srv/_teleport_relative.py
[15.708s] -- Up-to-date symlink: /home/ubuntu/ros2_ws/install/turtlesim/local/lib/python3.10/dist-packages/turtlesim/srv/_teleport_relative_s.c
[15.708s] -- Up-to-date symlink: /home/ubuntu/ros2_ws/install/turtlesim/local/lib/python3.10/dist-packages/turtlesim/turtlesim_s__rosidl_typesupport_c.cpython-310-x86_64-linux-gnu.so
[15.709s] -- Up-to-date symlink: /home/ubuntu/ros2_ws/install/turtlesim/local/lib/python3.10/dist-packages/turtlesim/turtlesim_s__rosidl_typesupport_fastrtps_c.cpython-310-x86_64-linux-gnu.so
[15.709s] -- Up-to-date symlink: /home/ubuntu/ros2_ws/install/turtlesim/local/lib/python3.10/dist-packages/turtlesim/turtlesim_s__rosidl_typesupport_introspection_c.cpython-310-x86_64-linux-gnu.so
[15.709s] -- Up-to-date symlink: /home/ubuntu/ros2_ws/install/turtlesim/local/lib/python3.10/dist-packages/turtlesim/turtlesim_s__rosidl_typesupport_fastrtps_c.cpython-310-x86_64-linux-gnu.so
[15.709s] -- Up-to-date symlink: /home/ubuntu/ros2_ws/install/turtlesim/local/lib/python3.10/dist-packages/turtlesim/turtlesim_s__rosidl_typesupport_introspection_c.cpython-310-x86_64-linux-gnu.so
[15.709s] -- Up-to-date symlink: /home/ubuntu/ros2_ws/install/turtlesim/local/lib/python3.10/dist-packages/turtlesim/turtlesim_s__rosidl_typesupport_c.cpython-310-x86_64-linux-gnu.so
[15.710s] -- Up-to-date symlink: /home/ubuntu/ros2_ws/install/turtlesim/share/turtlesim/action/RotateAbsolute.idl
[15.710s] -- Up-to-date symlink: /home/ubuntu/ros2_ws/install/turtlesim/share/turtlesim/msg/Color.idl
[15.710s] -- Up-to-date symlink: /home/ubuntu/ros2_ws/install/turtlesim/share/turtlesim/msg/Pose.idl
[15.710s] -- Up-to-date symlink: /home/ubuntu/ros2_ws/install/turtlesim/share/turtlesim/srv/Kill.idl
[15.710s] -- Up-to-date symlink: /home/ubuntu/ros2_ws/install/turtlesim/share/turtlesim/srv/SetPen.idl
[15.710s] -- Up-to-date symlink: /home/ubuntu/ros2_ws/install/turtlesim/share/turtlesim/srv/Spawn.idl
[15.711s] -- Up-to-date symlink: /home/ubuntu/ros2_ws/install/turtlesim/share/turtlesim/srv/TeleportAbsolute.idl
[15.711s] -- Up-to-date symlink: /home/ubuntu/ros2_ws/install/turtlesim/share/turtlesim/srv/TeleportRelative.idl
[15.711s] -- Up-to-date symlink: /home/ubuntu/ros2_ws/install/turtlesim/share/turtlesim/action/RotateAbsolute.action
[15.711s] -- Up-to-date symlink: /home/ubuntu/ros2_ws/install/turtlesim/share/turtlesim/msg/Color.msg
[15.711s] -- Up-to-date symlink: /home/ubuntu/ros2_ws/install/turtlesim/share/turtlesim/msg/Pose.msg
[15.711s] -- Up-to-date symlink: /home/ubuntu/ros2_ws/install/turtlesim/share/turtlesim/srv/Kill.srv
[15.711s] -- Up-to-date symlink: /home/ubuntu/ros2_ws/install/turtlesim/share/turtlesim/srv/Kill_Request.msg
[15.711s] -- Up-to-date symlink: /home/ubuntu/ros2_ws/install/turtlesim/share/turtlesim/srv/Kill_Response.msg
[15.712s] -- Up-to-date symlink: /home/ubuntu/ros2_ws/install/turtlesim/share/turtlesim/srv/SetPen.srv
[15.712s] -- Up-to-date symlink: /home/ubuntu/ros2_ws/install/turtlesim/share/turtlesim/srv/SetPen_Request.msg
[15.712s] -- Up-to-date symlink: /home/ubuntu/ros2_ws/install/turtlesim/share/turtlesim/srv/SetPen_Response.msg
[15.712s] -- Up-to-date symlink: /home/ubuntu/ros2_ws/install/turtlesim/share/turtlesim/srv/Spawn.srv
[15.712s] -- Up-to-date symlink: /home/ubuntu/ros2_ws/install/turtlesim/share/turtlesim/srv/Spawn_Request.msg
[15.712s] -- Up-to-date symlink: /home/ubuntu/ros2_ws/install/turtlesim/share/turtlesim/srv/Spawn_Response.msg
[15.713s] -- Up-to-date symlink: /home/ubuntu/ros2_ws/install/turtlesim/share/turtlesim/srv/TeleportAbsolute.srv
[15.713s] -- Up-to-date symlink: /home/ubuntu/ros2_ws/install/turtlesim/share/turtlesim/srv/TeleportAbsolute_Request.msg
[15.713s] -- Up-to-date symlink: /home/ubuntu/ros2_ws/install/turtlesim/share/turtlesim/srv/TeleportAbsolute_Response.msg
[15.713s] -- Up-to-date symlink: /home/ubuntu/ros2_ws/install/turtlesim/share/turtlesim/srv/TeleportRelative.srv
[15.713s] -- Up-to-date symlink: /home/ubuntu/ros2_ws/install/turtlesim/share/turtlesim/srv/TeleportRelative_Request.msg
[15.713s] -- Up-to-date symlink: /home/ubuntu/ros2_ws/install/turtlesim/share/turtlesim/srv/TeleportRelative_Response.msg
[15.714s] -- Up-to-date symlink: /home/ubuntu/ros2_ws/install/turtlesim/lib/turtlesim/turtlesim_node
[15.714s] -- Up-to-date symlink: /home/ubuntu/ros2_ws/install/turtlesim/lib/turtlesim/turtle_teleop_key
[15.714s] -- Up-to-date symlink: /home/ubuntu/ros2_ws/install/turtlesim/lib/turtlesim/draw_square
[15.714s] -- Up-to-date symlink: /home/ubuntu/ros2_ws/install/turtlesim/lib/turtlesim/mimic
[15.714s] -- Up-to-date symlink: /home/ubuntu/ros2_ws/install/turtlesim/share/turtlesim/launch/multisim.launch.py
[15.714s] -- Up-to-date symlink: /home/ubuntu/ros2_ws/install/turtlesim/share/ament_index/resource_index/package_run_dependencies/turtlesim
[15.715s] -- Up-to-date symlink: /home/ubuntu/ros2_ws/install/turtlesim/share/ament_index/resource_index/parent_prefix_path/turtlesim
[15.715s] -- Up-to-date symlink: /home/ubuntu/ros2_ws/install/turtlesim/share/turtlesim/environment/ament_prefix_path.sh
[15.715s] -- Up-to-date symlink: /home/ubuntu/ros2_ws/install/turtlesim/share/turtlesim/environment/ament_prefix_path.dsv
[15.715s] -- Up-to-date symlink: /home/ubuntu/ros2_ws/install/turtlesim/share/turtlesim/environment/path.sh
[15.715s] -- Up-to-date symlink: /home/ubuntu/ros2_ws/install/turtlesim/share/turtlesim/environment/path.dsv
[15.715s] -- Up-to-date symlink: /home/ubuntu/ros2_ws/install/turtlesim/share/turtlesim/local_setup.bash
[15.715s] -- Up-to-date symlink: /home/ubuntu/ros2_ws/install/turtlesim/share/turtlesim/local_setup.sh
[15.716s] -- Up-to-date symlink: /home/ubuntu/ros2_ws/install/turtlesim/share/turtlesim/local_setup.zsh
[15.716s] -- Up-to-date symlink: /home/ubuntu/ros2_ws/install/turtlesim/share/turtlesim/local_setup.dsv
[15.716s] -- Symlinking: /home/ubuntu/ros2_ws/install/turtlesim/share/turtlesim/package.dsv
[15.723s] -- Up-to-date symlink: /home/ubuntu/ros2_ws/install/turtlesim/share/ament_index/resource_index/packages/turtlesim
[15.723s] -- Up-to-date symlink: /home/ubuntu/ros2_ws/install/turtlesim/share/turtlesim/cmake/rosidl_cmake-extras.cmake
[15.723s] -- Up-to-date symlink: /home/ubuntu/ros2_ws/install/turtlesim/share/turtlesim/cmake/ament_cmake_export_dependencies-extras.cmake
[15.723s] -- Up-to-date symlink: /home/ubuntu/ros2_ws/install/turtlesim/share/turtlesim/cmake/ament_cmake_export_include_directories-extras.cmake
[15.723s] -- Up-to-date symlink: /home/ubuntu/ros2_ws/install/turtlesim/share/turtlesim/cmake/ament_cmake_export_libraries-extras.cmake
[15.723s] -- Up-to-date symlink: /home/ubuntu/ros2_ws/install/turtlesim/share/turtlesim/cmake/ament_cmake_export_targets-extras.cmake
[15.723s] -- Up-to-date symlink: /home/ubuntu/ros2_ws/install/turtlesim/share/turtlesim/cmake/rosidl_cmake_export_typesupport_targets-extras.cmake
[15.724s] -- Up-to-date symlink: /home/ubuntu/ros2_ws/install/turtlesim/share/turtlesim/cmake/rosidl_cmake_export_typesupport_libraries-extras.cmake
[15.724s] -- Up-to-date symlink: /home/ubuntu/ros2_ws/install/turtlesim/share/turtlesim/cmake/turtlesimConfig.cmake
[15.724s] -- Up-to-date symlink: /home/ubuntu/ros2_ws/install/turtlesim/share/turtlesim/cmake/turtlesimConfig-version.cmake
[15.724s] -- Up-to-date symlink: /home/ubuntu/ros2_ws/install/turtlesim/share/turtlesim/package.xml
[15.724s] -- Up-to-date: /home/ubuntu/ros2_ws/install/turtlesim/lib/libturtlesim__rosidl_generator_c.so
[15.724s] -- Up-to-date: /home/ubuntu/ros2_ws/install/turtlesim/lib/libturtlesim__rosidl_typesupport_fastrtps_c.so
[15.724s] -- Up-to-date: /home/ubuntu/ros2_ws/install/turtlesim/lib/libturtlesim__rosidl_typesupport_fastrtps_cpp.so
[15.725s] -- Up-to-date: /home/ubuntu/ros2_ws/install/turtlesim/lib/libturtlesim__rosidl_typesupport_introspection_c.so
[15.725s] -- Up-to-date: /home/ubuntu/ros2_ws/install/turtlesim/lib/libturtlesim__rosidl_typesupport_c.so
[15.725s] -- Up-to-date: /home/ubuntu/ros2_ws/install/turtlesim/lib/libturtlesim__rosidl_typesupport_introspection_cpp.so
[15.725s] -- Up-to-date: /home/ubuntu/ros2_ws/install/turtlesim/lib/libturtlesim__rosidl_typesupport_cpp.so
[15.757s] Listing '/home/ubuntu/ros2_ws/install/turtlesim/local/lib/python3.10/dist-packages/turtlesim'...
[15.757s] Compiling '/home/ubuntu/ros2_ws/install/turtlesim/local/lib/python3.10/dist-packages/turtlesim/__init__.py'...
[15.757s] Listing '/home/ubuntu/ros2_ws/install/turtlesim/local/lib/python3.10/dist-packages/turtlesim/action'...
[15.757s] Listing '/home/ubuntu/ros2_ws/install/turtlesim/local/lib/python3.10/dist-packages/turtlesim/msg'...
[15.758s] Listing '/home/ubuntu/ros2_ws/install/turtlesim/local/lib/python3.10/dist-packages/turtlesim/srv'...
[15.762s] -- Up-to-date: /home/ubuntu/ros2_ws/install/turtlesim/lib/libturtlesim__rosidl_generator_py.so
[15.762s] -- Up-to-date: /home/ubuntu/ros2_ws/install/turtlesim/share/turtlesim/images
[15.762s] -- Up-to-date: /home/ubuntu/ros2_ws/install/turtlesim/share/turtlesim/images/crystal.png
[15.762s] -- Up-to-date: /home/ubuntu/ros2_ws/install/turtlesim/share/turtlesim/images/eloquent.png
[15.762s] -- Up-to-date: /home/ubuntu/ros2_ws/install/turtlesim/share/turtlesim/images/ardent.png
[15.763s] -- Up-to-date: /home/ubuntu/ros2_ws/install/turtlesim/share/turtlesim/images/dashing.png
[15.763s] -- Up-to-date: /home/ubuntu/ros2_ws/install/turtlesim/share/turtlesim/images/foxy.png
[15.763s] -- Up-to-date: /home/ubuntu/ros2_ws/install/turtlesim/share/turtlesim/images/galactic.png
[15.763s] -- Up-to-date: /home/ubuntu/ros2_ws/install/turtlesim/share/turtlesim/images/humble.png
[15.763s] -- Up-to-date: /home/ubuntu/ros2_ws/install/turtlesim/share/turtlesim/images/bouncy.png
[15.763s] -- Up-to-date: /home/ubuntu/ros2_ws/install/turtlesim/share/turtlesim/images/rolling.png
[15.763s] -- Up-to-date: /home/ubuntu/ros2_ws/install/turtlesim/share/turtlesim/cmake/export_turtlesim__rosidl_generator_cExport.cmake
[15.763s] -- Up-to-date: /home/ubuntu/ros2_ws/install/turtlesim/share/turtlesim/cmake/export_turtlesim__rosidl_generator_cExport-noconfig.cmake
[15.763s] -- Up-to-date: /home/ubuntu/ros2_ws/install/turtlesim/share/turtlesim/cmake/export_turtlesim__rosidl_typesupport_fastrtps_cExport.cmake
[15.763s] -- Up-to-date: /home/ubuntu/ros2_ws/install/turtlesim/share/turtlesim/cmake/export_turtlesim__rosidl_typesupport_fastrtps_cExport-noconfig.cmake
[15.763s] -- Up-to-date: /home/ubuntu/ros2_ws/install/turtlesim/share/turtlesim/cmake/export_turtlesim__rosidl_generator_cppExport.cmake
[15.763s] -- Up-to-date: /home/ubuntu/ros2_ws/install/turtlesim/share/turtlesim/cmake/export_turtlesim__rosidl_typesupport_fastrtps_cppExport.cmake
[15.763s] -- Up-to-date: /home/ubuntu/ros2_ws/install/turtlesim/share/turtlesim/cmake/export_turtlesim__rosidl_typesupport_fastrtps_cppExport-noconfig.cmake
[15.764s] -- Up-to-date: /home/ubuntu/ros2_ws/install/turtlesim/share/turtlesim/cmake/turtlesim__rosidl_typesupport_introspection_cExport.cmake
[15.764s] -- Up-to-date: /home/ubuntu/ros2_ws/install/turtlesim/share/turtlesim/cmake/turtlesim__rosidl_typesupport_introspection_cExport-noconfig.cmake
[15.764s] -- Up-to-date: /home/ubuntu/ros2_ws/install/turtlesim/share/turtlesim/cmake/turtlesim__rosidl_typesupport_cExport.cmake
[15.764s] -- Up-to-date: /home/ubuntu/ros2_ws/install/turtlesim/share/turtlesim/cmake/turtlesim__rosidl_typesupport_cExport-noconfig.cmake
[15.764s] -- Up-to-date: /home/ubuntu/ros2_ws/install/turtlesim/share/turtlesim/cmake/turtlesim__rosidl_typesupport_introspection_cppExport.cmake
[15.764s] -- Up-to-date: /home/ubuntu/ros2_ws/install/turtlesim/share/turtlesim/cmake/turtlesim__rosidl_typesupport_introspection_cppExport-noconfig.cmake
[15.764s] -- Up-to-date: /home/ubuntu/ros2_ws/install/turtlesim/share/turtlesim/cmake/turtlesim__rosidl_typesupport_cppExport.cmake
[15.764s] -- Up-to-date: /home/ubuntu/ros2_ws/install/turtlesim/share/turtlesim/cmake/turtlesim__rosidl_typesupport_cppExport-noconfig.cmake
[15.764s] -- Up-to-date: /home/ubuntu/ros2_ws/install/turtlesim/share/turtlesim/cmake/export_turtlesim__rosidl_generator_pyExport.cmake
[15.764s] -- Up-to-date: /home/ubuntu/ros2_ws/install/turtlesim/share/turtlesim/cmake/export_turtlesim__rosidl_generator_pyExport-noconfig.cmake
[15.765s] Invoked command in '/home/ubuntu/ros2_ws/build/turtlesim' returned '0': CMAKE_PREFIX_PATH=/opt/ros/humble /usr/bin/cmake --install /home/ubuntu/ros2_ws/build/turtlesim
