[0.012s] Invoking command in '/home/ubuntu/ros2_ws/build/tutorial_interfaces': CMAKE_PREFIX_PATH=${CMAKE_PREFIX_PATH}:/home/ubuntu/ros2_ws/install/my_package:/opt/ros/humble /usr/bin/cmake /home/ubuntu/ros2_ws/src/tutorial_interfaces -DCMAKE_INSTALL_PREFIX=/home/ubuntu/ros2_ws/install/tutorial_interfaces
[0.193s] -- The C compiler identification is GNU 11.4.0
[0.305s] -- The CXX compiler identification is GNU 11.4.0
[0.314s] -- Detecting C compiler ABI info
[0.385s] -- Detecting C compiler ABI info - done
[0.392s] -- Check for working C compiler: /usr/bin/cc - skipped
[0.393s] -- Detecting C compile features
[0.393s] -- Detecting C compile features - done
[0.397s] -- Detecting CXX compiler ABI info
[0.466s] -- Detecting CXX compiler ABI info - done
[0.475s] -- Check for working CXX compiler: /usr/bin/c++ - skipped
[0.475s] -- Detecting CXX compile features
[0.476s] -- Detecting CXX compile features - done
[0.488s] -- Found ament_cmake: 1.3.11 (/opt/ros/humble/share/ament_cmake/cmake)
[0.643s] -- Found Python3: /usr/bin/python3 (found version "3.10.12") found components: Interpreter 
[0.752s] -- Found geometry_msgs: 4.2.4 (/opt/ros/humble/share/geometry_msgs/cmake)
[0.811s] -- Found rosidl_generator_c: 3.1.6 (/opt/ros/humble/share/rosidl_generator_c/cmake)
[0.818s] -- Found rosidl_adapter: 3.1.6 (/opt/ros/humble/share/rosidl_adapter/cmake)
[0.830s] -- Found rosidl_generator_cpp: 3.1.6 (/opt/ros/humble/share/rosidl_generator_cpp/cmake)
[0.848s] -- Using all available rosidl_typesupport_c: rosidl_typesupport_fastrtps_c;rosidl_typesupport_introspection_c
[0.871s] -- Using all available rosidl_typesupport_cpp: rosidl_typesupport_fastrtps_cpp;rosidl_typesupport_introspection_cpp
[0.926s] -- Found rosidl_default_generators: 1.2.0 (/opt/ros/humble/share/rosidl_default_generators/cmake)
[1.231s] -- Found ament_cmake_ros: 0.10.0 (/opt/ros/humble/share/ament_cmake_ros/cmake)
[1.653s] -- Using all available rosidl_typesupport_c: rosidl_typesupport_fastrtps_c;rosidl_typesupport_introspection_c
[1.812s] -- Using all available rosidl_typesupport_cpp: rosidl_typesupport_fastrtps_cpp;rosidl_typesupport_introspection_cpp
[1.836s] -- Found PythonInterp: /usr/bin/python3 (found suitable version "3.10.12", minimum required is "3.6") 
[1.838s] -- Found python_cmake_module: 0.10.0 (/opt/ros/humble/share/python_cmake_module/cmake)
[1.867s] -- Found PythonLibs: /usr/lib/x86_64-linux-gnu/libpython3.10.so (found suitable version "3.10.12", minimum required is "3.5") 
[1.867s] -- Using PYTHON_EXECUTABLE: /usr/bin/python3
[1.867s] -- Using PYTHON_INCLUDE_DIRS: /usr/include/python3.10
[1.867s] -- Using PYTHON_LIBRARIES: /usr/lib/x86_64-linux-gnu/libpython3.10.so
[1.889s] -- Found PythonExtra: .so  
[1.953s] -- Found ament_lint_auto: 0.12.11 (/opt/ros/humble/share/ament_lint_auto/cmake)
[1.983s] -- Added test 'lint_cmake' to check CMake code style
[1.985s] -- Added test 'xmllint' to check XML markup files
[1.989s] -- Configuring done
[2.030s] -- Generating done
[2.043s] -- Build files have been written to: /home/ubuntu/ros2_ws/build/tutorial_interfaces
[2.054s] Invoked command in '/home/ubuntu/ros2_ws/build/tutorial_interfaces' returned '0': CMAKE_PREFIX_PATH=${CMAKE_PREFIX_PATH}:/home/ubuntu/ros2_ws/install/my_package:/opt/ros/humble /usr/bin/cmake /home/ubuntu/ros2_ws/src/tutorial_interfaces -DCMAKE_INSTALL_PREFIX=/home/ubuntu/ros2_ws/install/tutorial_interfaces
[2.056s] Invoking command in '/home/ubuntu/ros2_ws/build/tutorial_interfaces': CMAKE_PREFIX_PATH=${CMAKE_PREFIX_PATH}:/home/ubuntu/ros2_ws/install/my_package:/opt/ros/humble /usr/bin/cmake --build /home/ubuntu/ros2_ws/build/tutorial_interfaces -- -j8 -l8
[2.091s] [  2%] [34m[1mGenerating C code for ROS interfaces[0m
[2.099s] [  4%] [34m[1mGenerating C++ code for ROS interfaces[0m
[2.107s] [  4%] Built target ament_cmake_python_copy_tutorial_interfaces
[2.379s] running egg_info
[2.380s] creating tutorial_interfaces.egg-info
[2.380s] writing tutorial_interfaces.egg-info/PKG-INFO
[2.380s] writing dependency_links to tutorial_interfaces.egg-info/dependency_links.txt
[2.380s] writing top-level names to tutorial_interfaces.egg-info/top_level.txt
[2.380s] writing manifest file 'tutorial_interfaces.egg-info/SOURCES.txt'
[2.382s] reading manifest file 'tutorial_interfaces.egg-info/SOURCES.txt'
[2.383s] writing manifest file 'tutorial_interfaces.egg-info/SOURCES.txt'
[2.415s] [  4%] Built target ament_cmake_python_build_tutorial_interfaces_egg
[2.509s] [  4%] Built target tutorial_interfaces__cpp
[2.522s] [  6%] [34m[1mGenerating C++ type support dispatch for ROS interfaces[0m
[2.523s] [  8%] [34m[1mGenerating C++ type support for eProsima Fast-RTPS[0m
[2.525s] [ 10%] [34m[1mGenerating C++ introspection for ROS interfaces[0m
[2.537s] [ 12%] [32mBuilding C object CMakeFiles/tutorial_interfaces__rosidl_generator_c.dir/rosidl_generator_c/tutorial_interfaces/msg/detail/num__functions.c.o[0m
[2.538s] [ 14%] [32mBuilding C object CMakeFiles/tutorial_interfaces__rosidl_generator_c.dir/rosidl_generator_c/tutorial_interfaces/msg/detail/sphere__functions.c.o[0m
[2.539s] [ 17%] [32mBuilding C object CMakeFiles/tutorial_interfaces__rosidl_generator_c.dir/rosidl_generator_c/tutorial_interfaces/srv/detail/add_three_ints__functions.c.o[0m
[2.624s] [ 19%] [32m[1mLinking C shared library libtutorial_interfaces__rosidl_generator_c.so[0m
[2.711s] [ 19%] Built target tutorial_interfaces__rosidl_generator_c
[2.723s] [ 21%] [34m[1mGenerating C introspection for ROS interfaces[0m
[2.725s] [ 23%] [34m[1mGenerating C type support dispatch for ROS interfaces[0m
[2.727s] [ 25%] [34m[1mGenerating C type support for eProsima Fast-RTPS[0m
[2.969s] [ 27%] [32mBuilding CXX object CMakeFiles/tutorial_interfaces__rosidl_typesupport_cpp.dir/rosidl_typesupport_cpp/tutorial_interfaces/srv/add_three_ints__type_support.cpp.o[0m
[2.971s] [ 29%] [32mBuilding CXX object CMakeFiles/tutorial_interfaces__rosidl_typesupport_cpp.dir/rosidl_typesupport_cpp/tutorial_interfaces/msg/num__type_support.cpp.o[0m
[2.973s] [ 31%] [32mBuilding CXX object CMakeFiles/tutorial_interfaces__rosidl_typesupport_cpp.dir/rosidl_typesupport_cpp/tutorial_interfaces/msg/sphere__type_support.cpp.o[0m
[3.074s] [ 34%] [32mBuilding CXX object CMakeFiles/tutorial_interfaces__rosidl_typesupport_fastrtps_cpp.dir/rosidl_typesupport_fastrtps_cpp/tutorial_interfaces/msg/detail/dds_fastrtps/num__type_support.cpp.o[0m
[3.085s] [ 36%] [32mBuilding CXX object CMakeFiles/tutorial_interfaces__rosidl_typesupport_introspection_cpp.dir/rosidl_typesupport_introspection_cpp/tutorial_interfaces/msg/detail/num__type_support.cpp.o[0m
[3.175s] [ 38%] [32mBuilding CXX object CMakeFiles/tutorial_interfaces__rosidl_typesupport_c.dir/rosidl_typesupport_c/tutorial_interfaces/msg/num__type_support.cpp.o[0m
[3.310s] [ 40%] [32mBuilding C object CMakeFiles/tutorial_interfaces__rosidl_typesupport_introspection_c.dir/rosidl_typesupport_introspection_c/tutorial_interfaces/msg/detail/num__type_support.c.o[0m
[3.314s] [ 42%] [32mBuilding CXX object CMakeFiles/tutorial_interfaces__rosidl_typesupport_c.dir/rosidl_typesupport_c/tutorial_interfaces/msg/sphere__type_support.cpp.o[0m
[3.342s] [ 44%] [32mBuilding CXX object CMakeFiles/tutorial_interfaces__rosidl_typesupport_fastrtps_c.dir/rosidl_typesupport_fastrtps_c/tutorial_interfaces/msg/detail/num__type_support_c.cpp.o[0m
[3.414s] [ 46%] [32mBuilding CXX object CMakeFiles/tutorial_interfaces__rosidl_typesupport_c.dir/rosidl_typesupport_c/tutorial_interfaces/srv/add_three_ints__type_support.cpp.o[0m
[3.422s] [ 48%] [32mBuilding C object CMakeFiles/tutorial_interfaces__rosidl_typesupport_introspection_c.dir/rosidl_typesupport_introspection_c/tutorial_interfaces/msg/detail/sphere__type_support.c.o[0m
[3.668s] [ 51%] [32m[1mLinking CXX shared library libtutorial_interfaces__rosidl_typesupport_c.so[0m
[3.674s] [ 53%] [32mBuilding C object CMakeFiles/tutorial_interfaces__rosidl_typesupport_introspection_c.dir/rosidl_typesupport_introspection_c/tutorial_interfaces/srv/detail/add_three_ints__type_support.c.o[0m
[3.729s] [ 55%] [32mBuilding CXX object CMakeFiles/tutorial_interfaces__rosidl_typesupport_introspection_cpp.dir/rosidl_typesupport_introspection_cpp/tutorial_interfaces/msg/detail/sphere__type_support.cpp.o[0m
[3.731s] [ 57%] [32mBuilding CXX object CMakeFiles/tutorial_interfaces__rosidl_typesupport_introspection_cpp.dir/rosidl_typesupport_introspection_cpp/tutorial_interfaces/srv/detail/add_three_ints__type_support.cpp.o[0m
[3.742s] [ 59%] [32m[1mLinking CXX shared library libtutorial_interfaces__rosidl_typesupport_cpp.so[0m
[3.766s] [ 61%] [32m[1mLinking C shared library libtutorial_interfaces__rosidl_typesupport_introspection_c.so[0m
[3.796s] [ 61%] Built target tutorial_interfaces__rosidl_typesupport_c
[3.818s] [ 63%] [32mBuilding CXX object CMakeFiles/tutorial_interfaces__rosidl_typesupport_fastrtps_c.dir/rosidl_typesupport_fastrtps_c/tutorial_interfaces/msg/detail/sphere__type_support_c.cpp.o[0m
[3.840s] [ 63%] Built target tutorial_interfaces__rosidl_typesupport_introspection_c
[3.848s] [ 63%] Built target tutorial_interfaces__rosidl_typesupport_cpp
[3.853s] [ 65%] [32mBuilding CXX object CMakeFiles/tutorial_interfaces__rosidl_typesupport_fastrtps_cpp.dir/rosidl_typesupport_fastrtps_cpp/tutorial_interfaces/msg/detail/dds_fastrtps/sphere__type_support.cpp.o[0m
[3.862s] [ 68%] [32mBuilding CXX object CMakeFiles/tutorial_interfaces__rosidl_typesupport_fastrtps_cpp.dir/rosidl_typesupport_fastrtps_cpp/tutorial_interfaces/srv/detail/dds_fastrtps/add_three_ints__type_support.cpp.o[0m
[3.996s] [ 70%] [32mBuilding CXX object CMakeFiles/tutorial_interfaces__rosidl_typesupport_fastrtps_c.dir/rosidl_typesupport_fastrtps_c/tutorial_interfaces/srv/detail/add_three_ints__type_support_c.cpp.o[0m
[4.424s] [ 72%] [32m[1mLinking CXX shared library libtutorial_interfaces__rosidl_typesupport_introspection_cpp.so[0m
[4.530s] [ 72%] Built target tutorial_interfaces__rosidl_typesupport_introspection_cpp
[4.542s] [ 74%] [32m[1mLinking CXX shared library libtutorial_interfaces__rosidl_typesupport_fastrtps_c.so[0m
[4.567s] [ 76%] [32m[1mLinking CXX shared library libtutorial_interfaces__rosidl_typesupport_fastrtps_cpp.so[0m
[4.654s] [ 76%] Built target tutorial_interfaces__rosidl_typesupport_fastrtps_c
[4.678s] [ 76%] Built target tutorial_interfaces__rosidl_typesupport_fastrtps_cpp
[4.700s] [ 76%] Built target tutorial_interfaces
[4.723s] [ 78%] [34m[1mGenerating Python code for ROS interfaces[0m
[5.288s] [ 78%] Built target tutorial_interfaces__py
[5.305s] [ 85%] [32mBuilding C object CMakeFiles/tutorial_interfaces__rosidl_generator_py.dir/rosidl_generator_py/tutorial_interfaces/msg/_num_s.c.o[0m
[5.305s] [ 85%] [32mBuilding C object CMakeFiles/tutorial_interfaces__rosidl_generator_py.dir/rosidl_generator_py/tutorial_interfaces/msg/_sphere_s.c.o[0m
[5.305s] [ 85%] [32mBuilding C object CMakeFiles/tutorial_interfaces__rosidl_generator_py.dir/rosidl_generator_py/tutorial_interfaces/srv/_add_three_ints_s.c.o[0m
[5.447s] [ 87%] [32m[1mLinking C shared library rosidl_generator_py/tutorial_interfaces/libtutorial_interfaces__rosidl_generator_py.so[0m
[5.486s] [ 87%] Built target tutorial_interfaces__rosidl_generator_py
[5.504s] [ 93%] [32mBuilding C object CMakeFiles/tutorial_interfaces__rosidl_typesupport_fastrtps_c__pyext.dir/rosidl_generator_py/tutorial_interfaces/_tutorial_interfaces_s.ep.rosidl_typesupport_fastrtps_c.c.o[0m
[5.504s] [ 93%] [32mBuilding C object CMakeFiles/tutorial_interfaces__rosidl_typesupport_c__pyext.dir/rosidl_generator_py/tutorial_interfaces/_tutorial_interfaces_s.ep.rosidl_typesupport_c.c.o[0m
[5.504s] [ 93%] [32mBuilding C object CMakeFiles/tutorial_interfaces__rosidl_typesupport_introspection_c__pyext.dir/rosidl_generator_py/tutorial_interfaces/_tutorial_interfaces_s.ep.rosidl_typesupport_introspection_c.c.o[0m
[5.608s] [100%] [32m[1mLinking C shared library rosidl_generator_py/tutorial_interfaces/tutorial_interfaces_s__rosidl_typesupport_fastrtps_c.cpython-310-x86_64-linux-gnu.so[0m
[5.608s] [100%] [32m[1mLinking C shared library rosidl_generator_py/tutorial_interfaces/tutorial_interfaces_s__rosidl_typesupport_introspection_c.cpython-310-x86_64-linux-gnu.so[0m
[5.608s] [100%] [32m[1mLinking C shared library rosidl_generator_py/tutorial_interfaces/tutorial_interfaces_s__rosidl_typesupport_c.cpython-310-x86_64-linux-gnu.so[0m
[5.645s] [100%] Built target tutorial_interfaces__rosidl_typesupport_fastrtps_c__pyext
[5.645s] [100%] Built target tutorial_interfaces__rosidl_typesupport_introspection_c__pyext
[5.645s] [100%] Built target tutorial_interfaces__rosidl_typesupport_c__pyext
[5.657s] Invoked command in '/home/ubuntu/ros2_ws/build/tutorial_interfaces' returned '0': CMAKE_PREFIX_PATH=${CMAKE_PREFIX_PATH}:/home/ubuntu/ros2_ws/install/my_package:/opt/ros/humble /usr/bin/cmake --build /home/ubuntu/ros2_ws/build/tutorial_interfaces -- -j8 -l8
[5.664s] Invoking command in '/home/ubuntu/ros2_ws/build/tutorial_interfaces': CMAKE_PREFIX_PATH=${CMAKE_PREFIX_PATH}:/home/ubuntu/ros2_ws/install/my_package:/opt/ros/humble /usr/bin/cmake --install /home/ubuntu/ros2_ws/build/tutorial_interfaces
[5.672s] -- Install configuration: ""
[5.673s] -- Installing: /home/ubuntu/ros2_ws/install/tutorial_interfaces/share/ament_index/resource_index/rosidl_interfaces/tutorial_interfaces
[5.673s] -- Installing: /home/ubuntu/ros2_ws/install/tutorial_interfaces/include/tutorial_interfaces/tutorial_interfaces
[5.673s] -- Installing: /home/ubuntu/ros2_ws/install/tutorial_interfaces/include/tutorial_interfaces/tutorial_interfaces/msg
[5.673s] -- Installing: /home/ubuntu/ros2_ws/install/tutorial_interfaces/include/tutorial_interfaces/tutorial_interfaces/msg/rosidl_generator_c__visibility_control.h
[5.673s] -- Installing: /home/ubuntu/ros2_ws/install/tutorial_interfaces/include/tutorial_interfaces/tutorial_interfaces/msg/sphere.h
[5.673s] -- Installing: /home/ubuntu/ros2_ws/install/tutorial_interfaces/include/tutorial_interfaces/tutorial_interfaces/msg/num.h
[5.674s] -- Installing: /home/ubuntu/ros2_ws/install/tutorial_interfaces/include/tutorial_interfaces/tutorial_interfaces/msg/detail
[5.674s] -- Installing: /home/ubuntu/ros2_ws/install/tutorial_interfaces/include/tutorial_interfaces/tutorial_interfaces/msg/detail/sphere__type_support.h
[5.674s] -- Installing: /home/ubuntu/ros2_ws/install/tutorial_interfaces/include/tutorial_interfaces/tutorial_interfaces/msg/detail/num__struct.h
[5.674s] -- Installing: /home/ubuntu/ros2_ws/install/tutorial_interfaces/include/tutorial_interfaces/tutorial_interfaces/msg/detail/num__functions.h
[5.674s] -- Installing: /home/ubuntu/ros2_ws/install/tutorial_interfaces/include/tutorial_interfaces/tutorial_interfaces/msg/detail/num__type_support.h
[5.675s] -- Installing: /home/ubuntu/ros2_ws/install/tutorial_interfaces/include/tutorial_interfaces/tutorial_interfaces/msg/detail/sphere__functions.c
[5.675s] -- Installing: /home/ubuntu/ros2_ws/install/tutorial_interfaces/include/tutorial_interfaces/tutorial_interfaces/msg/detail/sphere__struct.h
[5.675s] -- Installing: /home/ubuntu/ros2_ws/install/tutorial_interfaces/include/tutorial_interfaces/tutorial_interfaces/msg/detail/sphere__functions.h
[5.675s] -- Installing: /home/ubuntu/ros2_ws/install/tutorial_interfaces/include/tutorial_interfaces/tutorial_interfaces/msg/detail/num__functions.c
[5.675s] -- Installing: /home/ubuntu/ros2_ws/install/tutorial_interfaces/include/tutorial_interfaces/tutorial_interfaces/srv
[5.675s] -- Installing: /home/ubuntu/ros2_ws/install/tutorial_interfaces/include/tutorial_interfaces/tutorial_interfaces/srv/add_three_ints.h
[5.676s] -- Installing: /home/ubuntu/ros2_ws/install/tutorial_interfaces/include/tutorial_interfaces/tutorial_interfaces/srv/detail
[5.676s] -- Installing: /home/ubuntu/ros2_ws/install/tutorial_interfaces/include/tutorial_interfaces/tutorial_interfaces/srv/detail/add_three_ints__functions.h
[5.676s] -- Installing: /home/ubuntu/ros2_ws/install/tutorial_interfaces/include/tutorial_interfaces/tutorial_interfaces/srv/detail/add_three_ints__struct.h
[5.676s] -- Installing: /home/ubuntu/ros2_ws/install/tutorial_interfaces/include/tutorial_interfaces/tutorial_interfaces/srv/detail/add_three_ints__functions.c
[5.676s] -- Installing: /home/ubuntu/ros2_ws/install/tutorial_interfaces/include/tutorial_interfaces/tutorial_interfaces/srv/detail/add_three_ints__type_support.h
[5.677s] -- Installing: /home/ubuntu/ros2_ws/install/tutorial_interfaces/share/tutorial_interfaces/environment/library_path.sh
[5.677s] -- Installing: /home/ubuntu/ros2_ws/install/tutorial_interfaces/share/tutorial_interfaces/environment/library_path.dsv
[5.677s] -- Installing: /home/ubuntu/ros2_ws/install/tutorial_interfaces/lib/libtutorial_interfaces__rosidl_generator_c.so
[5.677s] -- Set runtime path of "/home/ubuntu/ros2_ws/install/tutorial_interfaces/lib/libtutorial_interfaces__rosidl_generator_c.so" to ""
[5.678s] -- Up-to-date: /home/ubuntu/ros2_ws/install/tutorial_interfaces/include/tutorial_interfaces/tutorial_interfaces
[5.678s] -- Up-to-date: /home/ubuntu/ros2_ws/install/tutorial_interfaces/include/tutorial_interfaces/tutorial_interfaces/msg
[5.678s] -- Installing: /home/ubuntu/ros2_ws/install/tutorial_interfaces/include/tutorial_interfaces/tutorial_interfaces/msg/rosidl_typesupport_fastrtps_c__visibility_control.h
[5.678s] -- Up-to-date: /home/ubuntu/ros2_ws/install/tutorial_interfaces/include/tutorial_interfaces/tutorial_interfaces/msg/detail
[5.678s] -- Installing: /home/ubuntu/ros2_ws/install/tutorial_interfaces/include/tutorial_interfaces/tutorial_interfaces/msg/detail/num__rosidl_typesupport_fastrtps_c.h
[5.678s] -- Installing: /home/ubuntu/ros2_ws/install/tutorial_interfaces/include/tutorial_interfaces/tutorial_interfaces/msg/detail/sphere__rosidl_typesupport_fastrtps_c.h
[5.678s] -- Up-to-date: /home/ubuntu/ros2_ws/install/tutorial_interfaces/include/tutorial_interfaces/tutorial_interfaces/srv
[5.678s] -- Up-to-date: /home/ubuntu/ros2_ws/install/tutorial_interfaces/include/tutorial_interfaces/tutorial_interfaces/srv/detail
[5.679s] -- Installing: /home/ubuntu/ros2_ws/install/tutorial_interfaces/include/tutorial_interfaces/tutorial_interfaces/srv/detail/add_three_ints__rosidl_typesupport_fastrtps_c.h
[5.679s] -- Installing: /home/ubuntu/ros2_ws/install/tutorial_interfaces/lib/libtutorial_interfaces__rosidl_typesupport_fastrtps_c.so
[5.679s] -- Set runtime path of "/home/ubuntu/ros2_ws/install/tutorial_interfaces/lib/libtutorial_interfaces__rosidl_typesupport_fastrtps_c.so" to ""
[5.679s] -- Up-to-date: /home/ubuntu/ros2_ws/install/tutorial_interfaces/include/tutorial_interfaces/tutorial_interfaces
[5.679s] -- Up-to-date: /home/ubuntu/ros2_ws/install/tutorial_interfaces/include/tutorial_interfaces/tutorial_interfaces/msg
[5.679s] -- Installing: /home/ubuntu/ros2_ws/install/tutorial_interfaces/include/tutorial_interfaces/tutorial_interfaces/msg/rosidl_generator_cpp__visibility_control.hpp
[5.680s] -- Installing: /home/ubuntu/ros2_ws/install/tutorial_interfaces/include/tutorial_interfaces/tutorial_interfaces/msg/sphere.hpp
[5.680s] -- Installing: /home/ubuntu/ros2_ws/install/tutorial_interfaces/include/tutorial_interfaces/tutorial_interfaces/msg/num.hpp
[5.680s] -- Up-to-date: /home/ubuntu/ros2_ws/install/tutorial_interfaces/include/tutorial_interfaces/tutorial_interfaces/msg/detail
[5.680s] -- Installing: /home/ubuntu/ros2_ws/install/tutorial_interfaces/include/tutorial_interfaces/tutorial_interfaces/msg/detail/sphere__traits.hpp
[5.680s] -- Installing: /home/ubuntu/ros2_ws/install/tutorial_interfaces/include/tutorial_interfaces/tutorial_interfaces/msg/detail/num__type_support.hpp
[5.680s] -- Installing: /home/ubuntu/ros2_ws/install/tutorial_interfaces/include/tutorial_interfaces/tutorial_interfaces/msg/detail/sphere__struct.hpp
[5.680s] -- Installing: /home/ubuntu/ros2_ws/install/tutorial_interfaces/include/tutorial_interfaces/tutorial_interfaces/msg/detail/sphere__builder.hpp
[5.681s] -- Installing: /home/ubuntu/ros2_ws/install/tutorial_interfaces/include/tutorial_interfaces/tutorial_interfaces/msg/detail/num__builder.hpp
[5.681s] -- Installing: /home/ubuntu/ros2_ws/install/tutorial_interfaces/include/tutorial_interfaces/tutorial_interfaces/msg/detail/num__struct.hpp
[5.681s] -- Installing: /home/ubuntu/ros2_ws/install/tutorial_interfaces/include/tutorial_interfaces/tutorial_interfaces/msg/detail/num__traits.hpp
[5.681s] -- Installing: /home/ubuntu/ros2_ws/install/tutorial_interfaces/include/tutorial_interfaces/tutorial_interfaces/msg/detail/sphere__type_support.hpp
[5.681s] -- Up-to-date: /home/ubuntu/ros2_ws/install/tutorial_interfaces/include/tutorial_interfaces/tutorial_interfaces/srv
[5.682s] -- Installing: /home/ubuntu/ros2_ws/install/tutorial_interfaces/include/tutorial_interfaces/tutorial_interfaces/srv/add_three_ints.hpp
[5.682s] -- Up-to-date: /home/ubuntu/ros2_ws/install/tutorial_interfaces/include/tutorial_interfaces/tutorial_interfaces/srv/detail
[5.682s] -- Installing: /home/ubuntu/ros2_ws/install/tutorial_interfaces/include/tutorial_interfaces/tutorial_interfaces/srv/detail/add_three_ints__traits.hpp
[5.682s] -- Installing: /home/ubuntu/ros2_ws/install/tutorial_interfaces/include/tutorial_interfaces/tutorial_interfaces/srv/detail/add_three_ints__type_support.hpp
[5.682s] -- Installing: /home/ubuntu/ros2_ws/install/tutorial_interfaces/include/tutorial_interfaces/tutorial_interfaces/srv/detail/add_three_ints__builder.hpp
[5.682s] -- Installing: /home/ubuntu/ros2_ws/install/tutorial_interfaces/include/tutorial_interfaces/tutorial_interfaces/srv/detail/add_three_ints__struct.hpp
[5.682s] -- Up-to-date: /home/ubuntu/ros2_ws/install/tutorial_interfaces/include/tutorial_interfaces/tutorial_interfaces
[5.683s] -- Up-to-date: /home/ubuntu/ros2_ws/install/tutorial_interfaces/include/tutorial_interfaces/tutorial_interfaces/msg
[5.683s] -- Installing: /home/ubuntu/ros2_ws/install/tutorial_interfaces/include/tutorial_interfaces/tutorial_interfaces/msg/rosidl_typesupport_fastrtps_cpp__visibility_control.h
[5.683s] -- Up-to-date: /home/ubuntu/ros2_ws/install/tutorial_interfaces/include/tutorial_interfaces/tutorial_interfaces/msg/detail
[5.683s] -- Installing: /home/ubuntu/ros2_ws/install/tutorial_interfaces/include/tutorial_interfaces/tutorial_interfaces/msg/detail/dds_fastrtps
[5.683s] -- Installing: /home/ubuntu/ros2_ws/install/tutorial_interfaces/include/tutorial_interfaces/tutorial_interfaces/msg/detail/sphere__rosidl_typesupport_fastrtps_cpp.hpp
[5.683s] -- Installing: /home/ubuntu/ros2_ws/install/tutorial_interfaces/include/tutorial_interfaces/tutorial_interfaces/msg/detail/num__rosidl_typesupport_fastrtps_cpp.hpp
[5.683s] -- Up-to-date: /home/ubuntu/ros2_ws/install/tutorial_interfaces/include/tutorial_interfaces/tutorial_interfaces/srv
[5.683s] -- Up-to-date: /home/ubuntu/ros2_ws/install/tutorial_interfaces/include/tutorial_interfaces/tutorial_interfaces/srv/detail
[5.684s] -- Installing: /home/ubuntu/ros2_ws/install/tutorial_interfaces/include/tutorial_interfaces/tutorial_interfaces/srv/detail/add_three_ints__rosidl_typesupport_fastrtps_cpp.hpp
[5.684s] -- Installing: /home/ubuntu/ros2_ws/install/tutorial_interfaces/include/tutorial_interfaces/tutorial_interfaces/srv/detail/dds_fastrtps
[5.684s] -- Installing: /home/ubuntu/ros2_ws/install/tutorial_interfaces/lib/libtutorial_interfaces__rosidl_typesupport_fastrtps_cpp.so
[5.684s] -- Set runtime path of "/home/ubuntu/ros2_ws/install/tutorial_interfaces/lib/libtutorial_interfaces__rosidl_typesupport_fastrtps_cpp.so" to ""
[5.685s] -- Up-to-date: /home/ubuntu/ros2_ws/install/tutorial_interfaces/include/tutorial_interfaces/tutorial_interfaces
[5.685s] -- Up-to-date: /home/ubuntu/ros2_ws/install/tutorial_interfaces/include/tutorial_interfaces/tutorial_interfaces/msg
[5.685s] -- Installing: /home/ubuntu/ros2_ws/install/tutorial_interfaces/include/tutorial_interfaces/tutorial_interfaces/msg/rosidl_typesupport_introspection_c__visibility_control.h
[5.685s] -- Up-to-date: /home/ubuntu/ros2_ws/install/tutorial_interfaces/include/tutorial_interfaces/tutorial_interfaces/msg/detail
[5.685s] -- Installing: /home/ubuntu/ros2_ws/install/tutorial_interfaces/include/tutorial_interfaces/tutorial_interfaces/msg/detail/sphere__rosidl_typesupport_introspection_c.h
[5.685s] -- Installing: /home/ubuntu/ros2_ws/install/tutorial_interfaces/include/tutorial_interfaces/tutorial_interfaces/msg/detail/num__type_support.c
[5.685s] -- Installing: /home/ubuntu/ros2_ws/install/tutorial_interfaces/include/tutorial_interfaces/tutorial_interfaces/msg/detail/num__rosidl_typesupport_introspection_c.h
[5.685s] -- Installing: /home/ubuntu/ros2_ws/install/tutorial_interfaces/include/tutorial_interfaces/tutorial_interfaces/msg/detail/sphere__type_support.c
[5.686s] -- Up-to-date: /home/ubuntu/ros2_ws/install/tutorial_interfaces/include/tutorial_interfaces/tutorial_interfaces/srv
[5.686s] -- Up-to-date: /home/ubuntu/ros2_ws/install/tutorial_interfaces/include/tutorial_interfaces/tutorial_interfaces/srv/detail
[5.686s] -- Installing: /home/ubuntu/ros2_ws/install/tutorial_interfaces/include/tutorial_interfaces/tutorial_interfaces/srv/detail/add_three_ints__rosidl_typesupport_introspection_c.h
[5.686s] -- Installing: /home/ubuntu/ros2_ws/install/tutorial_interfaces/include/tutorial_interfaces/tutorial_interfaces/srv/detail/add_three_ints__type_support.c
[5.686s] -- Installing: /home/ubuntu/ros2_ws/install/tutorial_interfaces/lib/libtutorial_interfaces__rosidl_typesupport_introspection_c.so
[5.687s] -- Set runtime path of "/home/ubuntu/ros2_ws/install/tutorial_interfaces/lib/libtutorial_interfaces__rosidl_typesupport_introspection_c.so" to ""
[5.687s] -- Installing: /home/ubuntu/ros2_ws/install/tutorial_interfaces/lib/libtutorial_interfaces__rosidl_typesupport_c.so
[5.687s] -- Set runtime path of "/home/ubuntu/ros2_ws/install/tutorial_interfaces/lib/libtutorial_interfaces__rosidl_typesupport_c.so" to ""
[5.687s] -- Up-to-date: /home/ubuntu/ros2_ws/install/tutorial_interfaces/include/tutorial_interfaces/tutorial_interfaces
[5.688s] -- Up-to-date: /home/ubuntu/ros2_ws/install/tutorial_interfaces/include/tutorial_interfaces/tutorial_interfaces/msg
[5.688s] -- Up-to-date: /home/ubuntu/ros2_ws/install/tutorial_interfaces/include/tutorial_interfaces/tutorial_interfaces/msg/detail
[5.688s] -- Installing: /home/ubuntu/ros2_ws/install/tutorial_interfaces/include/tutorial_interfaces/tutorial_interfaces/msg/detail/sphere__type_support.cpp
[5.688s] -- Installing: /home/ubuntu/ros2_ws/install/tutorial_interfaces/include/tutorial_interfaces/tutorial_interfaces/msg/detail/sphere__rosidl_typesupport_introspection_cpp.hpp
[5.688s] -- Installing: /home/ubuntu/ros2_ws/install/tutorial_interfaces/include/tutorial_interfaces/tutorial_interfaces/msg/detail/num__rosidl_typesupport_introspection_cpp.hpp
[5.688s] -- Installing: /home/ubuntu/ros2_ws/install/tutorial_interfaces/include/tutorial_interfaces/tutorial_interfaces/msg/detail/num__type_support.cpp
[5.688s] -- Up-to-date: /home/ubuntu/ros2_ws/install/tutorial_interfaces/include/tutorial_interfaces/tutorial_interfaces/srv
[5.688s] -- Up-to-date: /home/ubuntu/ros2_ws/install/tutorial_interfaces/include/tutorial_interfaces/tutorial_interfaces/srv/detail
[5.689s] -- Installing: /home/ubuntu/ros2_ws/install/tutorial_interfaces/include/tutorial_interfaces/tutorial_interfaces/srv/detail/add_three_ints__rosidl_typesupport_introspection_cpp.hpp
[5.689s] -- Installing: /home/ubuntu/ros2_ws/install/tutorial_interfaces/include/tutorial_interfaces/tutorial_interfaces/srv/detail/add_three_ints__type_support.cpp
[5.689s] -- Installing: /home/ubuntu/ros2_ws/install/tutorial_interfaces/lib/libtutorial_interfaces__rosidl_typesupport_introspection_cpp.so
[5.689s] -- Set runtime path of "/home/ubuntu/ros2_ws/install/tutorial_interfaces/lib/libtutorial_interfaces__rosidl_typesupport_introspection_cpp.so" to ""
[5.689s] -- Installing: /home/ubuntu/ros2_ws/install/tutorial_interfaces/lib/libtutorial_interfaces__rosidl_typesupport_cpp.so
[5.690s] -- Set runtime path of "/home/ubuntu/ros2_ws/install/tutorial_interfaces/lib/libtutorial_interfaces__rosidl_typesupport_cpp.so" to ""
[5.690s] -- Installing: /home/ubuntu/ros2_ws/install/tutorial_interfaces/share/tutorial_interfaces/environment/pythonpath.sh
[5.690s] -- Installing: /home/ubuntu/ros2_ws/install/tutorial_interfaces/share/tutorial_interfaces/environment/pythonpath.dsv
[5.690s] -- Installing: /home/ubuntu/ros2_ws/install/tutorial_interfaces/local/lib/python3.10/dist-packages/tutorial_interfaces-0.0.0-py3.10.egg-info
[5.690s] -- Installing: /home/ubuntu/ros2_ws/install/tutorial_interfaces/local/lib/python3.10/dist-packages/tutorial_interfaces-0.0.0-py3.10.egg-info/top_level.txt
[5.691s] -- Installing: /home/ubuntu/ros2_ws/install/tutorial_interfaces/local/lib/python3.10/dist-packages/tutorial_interfaces-0.0.0-py3.10.egg-info/dependency_links.txt
[5.691s] -- Installing: /home/ubuntu/ros2_ws/install/tutorial_interfaces/local/lib/python3.10/dist-packages/tutorial_interfaces-0.0.0-py3.10.egg-info/PKG-INFO
[5.691s] -- Installing: /home/ubuntu/ros2_ws/install/tutorial_interfaces/local/lib/python3.10/dist-packages/tutorial_interfaces-0.0.0-py3.10.egg-info/SOURCES.txt
[5.691s] -- Installing: /home/ubuntu/ros2_ws/install/tutorial_interfaces/local/lib/python3.10/dist-packages/tutorial_interfaces
[5.691s] -- Installing: /home/ubuntu/ros2_ws/install/tutorial_interfaces/local/lib/python3.10/dist-packages/tutorial_interfaces/libtutorial_interfaces__rosidl_generator_py.so
[5.692s] -- Installing: /home/ubuntu/ros2_ws/install/tutorial_interfaces/local/lib/python3.10/dist-packages/tutorial_interfaces/_tutorial_interfaces_s.ep.rosidl_typesupport_fastrtps_c.c
[5.692s] -- Installing: /home/ubuntu/ros2_ws/install/tutorial_interfaces/local/lib/python3.10/dist-packages/tutorial_interfaces/tutorial_interfaces_s__rosidl_typesupport_introspection_c.cpython-310-x86_64-linux-gnu.so
[5.692s] -- Installing: /home/ubuntu/ros2_ws/install/tutorial_interfaces/local/lib/python3.10/dist-packages/tutorial_interfaces/tutorial_interfaces_s__rosidl_typesupport_fastrtps_c.cpython-310-x86_64-linux-gnu.so
[5.692s] -- Installing: /home/ubuntu/ros2_ws/install/tutorial_interfaces/local/lib/python3.10/dist-packages/tutorial_interfaces/_tutorial_interfaces_s.ep.rosidl_typesupport_c.c
[5.692s] -- Installing: /home/ubuntu/ros2_ws/install/tutorial_interfaces/local/lib/python3.10/dist-packages/tutorial_interfaces/msg
[5.692s] -- Installing: /home/ubuntu/ros2_ws/install/tutorial_interfaces/local/lib/python3.10/dist-packages/tutorial_interfaces/msg/_sphere.py
[5.693s] -- Installing: /home/ubuntu/ros2_ws/install/tutorial_interfaces/local/lib/python3.10/dist-packages/tutorial_interfaces/msg/_sphere_s.c
[5.693s] -- Installing: /home/ubuntu/ros2_ws/install/tutorial_interfaces/local/lib/python3.10/dist-packages/tutorial_interfaces/msg/_num.py
[5.693s] -- Installing: /home/ubuntu/ros2_ws/install/tutorial_interfaces/local/lib/python3.10/dist-packages/tutorial_interfaces/msg/_num_s.c
[5.693s] -- Installing: /home/ubuntu/ros2_ws/install/tutorial_interfaces/local/lib/python3.10/dist-packages/tutorial_interfaces/msg/__init__.py
[5.693s] -- Installing: /home/ubuntu/ros2_ws/install/tutorial_interfaces/local/lib/python3.10/dist-packages/tutorial_interfaces/_tutorial_interfaces_s.ep.rosidl_typesupport_introspection_c.c
[5.694s] -- Installing: /home/ubuntu/ros2_ws/install/tutorial_interfaces/local/lib/python3.10/dist-packages/tutorial_interfaces/srv
[5.694s] -- Installing: /home/ubuntu/ros2_ws/install/tutorial_interfaces/local/lib/python3.10/dist-packages/tutorial_interfaces/srv/_add_three_ints.py
[5.694s] -- Installing: /home/ubuntu/ros2_ws/install/tutorial_interfaces/local/lib/python3.10/dist-packages/tutorial_interfaces/srv/_add_three_ints_s.c
[5.694s] -- Installing: /home/ubuntu/ros2_ws/install/tutorial_interfaces/local/lib/python3.10/dist-packages/tutorial_interfaces/srv/__init__.py
[5.694s] -- Installing: /home/ubuntu/ros2_ws/install/tutorial_interfaces/local/lib/python3.10/dist-packages/tutorial_interfaces/__init__.py
[5.695s] -- Installing: /home/ubuntu/ros2_ws/install/tutorial_interfaces/local/lib/python3.10/dist-packages/tutorial_interfaces/tutorial_interfaces_s__rosidl_typesupport_c.cpython-310-x86_64-linux-gnu.so
[5.733s] Listing '/home/ubuntu/ros2_ws/install/tutorial_interfaces/local/lib/python3.10/dist-packages/tutorial_interfaces'...
[5.733s] Compiling '/home/ubuntu/ros2_ws/install/tutorial_interfaces/local/lib/python3.10/dist-packages/tutorial_interfaces/__init__.py'...
[5.733s] Listing '/home/ubuntu/ros2_ws/install/tutorial_interfaces/local/lib/python3.10/dist-packages/tutorial_interfaces/msg'...
[5.733s] Compiling '/home/ubuntu/ros2_ws/install/tutorial_interfaces/local/lib/python3.10/dist-packages/tutorial_interfaces/msg/__init__.py'...
[5.733s] Compiling '/home/ubuntu/ros2_ws/install/tutorial_interfaces/local/lib/python3.10/dist-packages/tutorial_interfaces/msg/_num.py'...
[5.733s] Compiling '/home/ubuntu/ros2_ws/install/tutorial_interfaces/local/lib/python3.10/dist-packages/tutorial_interfaces/msg/_sphere.py'...
[5.733s] Listing '/home/ubuntu/ros2_ws/install/tutorial_interfaces/local/lib/python3.10/dist-packages/tutorial_interfaces/srv'...
[5.733s] Compiling '/home/ubuntu/ros2_ws/install/tutorial_interfaces/local/lib/python3.10/dist-packages/tutorial_interfaces/srv/__init__.py'...
[5.733s] Compiling '/home/ubuntu/ros2_ws/install/tutorial_interfaces/local/lib/python3.10/dist-packages/tutorial_interfaces/srv/_add_three_ints.py'...
[5.739s] -- Installing: /home/ubuntu/ros2_ws/install/tutorial_interfaces/local/lib/python3.10/dist-packages/tutorial_interfaces/tutorial_interfaces_s__rosidl_typesupport_fastrtps_c.cpython-310-x86_64-linux-gnu.so
[5.740s] -- Set runtime path of "/home/ubuntu/ros2_ws/install/tutorial_interfaces/local/lib/python3.10/dist-packages/tutorial_interfaces/tutorial_interfaces_s__rosidl_typesupport_fastrtps_c.cpython-310-x86_64-linux-gnu.so" to ""
[5.740s] -- Installing: /home/ubuntu/ros2_ws/install/tutorial_interfaces/local/lib/python3.10/dist-packages/tutorial_interfaces/tutorial_interfaces_s__rosidl_typesupport_introspection_c.cpython-310-x86_64-linux-gnu.so
[5.740s] -- Set runtime path of "/home/ubuntu/ros2_ws/install/tutorial_interfaces/local/lib/python3.10/dist-packages/tutorial_interfaces/tutorial_interfaces_s__rosidl_typesupport_introspection_c.cpython-310-x86_64-linux-gnu.so" to ""
[5.740s] -- Installing: /home/ubuntu/ros2_ws/install/tutorial_interfaces/local/lib/python3.10/dist-packages/tutorial_interfaces/tutorial_interfaces_s__rosidl_typesupport_c.cpython-310-x86_64-linux-gnu.so
[5.741s] -- Set runtime path of "/home/ubuntu/ros2_ws/install/tutorial_interfaces/local/lib/python3.10/dist-packages/tutorial_interfaces/tutorial_interfaces_s__rosidl_typesupport_c.cpython-310-x86_64-linux-gnu.so" to ""
[5.741s] -- Installing: /home/ubuntu/ros2_ws/install/tutorial_interfaces/lib/libtutorial_interfaces__rosidl_generator_py.so
[5.741s] -- Set runtime path of "/home/ubuntu/ros2_ws/install/tutorial_interfaces/lib/libtutorial_interfaces__rosidl_generator_py.so" to ""
[5.741s] -- Installing: /home/ubuntu/ros2_ws/install/tutorial_interfaces/share/tutorial_interfaces/msg/Num.idl
[5.742s] -- Installing: /home/ubuntu/ros2_ws/install/tutorial_interfaces/share/tutorial_interfaces/msg/Sphere.idl
[5.742s] -- Installing: /home/ubuntu/ros2_ws/install/tutorial_interfaces/share/tutorial_interfaces/srv/AddThreeInts.idl
[5.742s] -- Installing: /home/ubuntu/ros2_ws/install/tutorial_interfaces/share/tutorial_interfaces/msg/Num.msg
[5.742s] -- Installing: /home/ubuntu/ros2_ws/install/tutorial_interfaces/share/tutorial_interfaces/msg/Sphere.msg
[5.742s] -- Installing: /home/ubuntu/ros2_ws/install/tutorial_interfaces/share/tutorial_interfaces/srv/AddThreeInts.srv
[5.743s] -- Installing: /home/ubuntu/ros2_ws/install/tutorial_interfaces/share/tutorial_interfaces/srv/AddThreeInts_Request.msg
[5.743s] -- Installing: /home/ubuntu/ros2_ws/install/tutorial_interfaces/share/tutorial_interfaces/srv/AddThreeInts_Response.msg
[5.743s] -- Installing: /home/ubuntu/ros2_ws/install/tutorial_interfaces/share/ament_index/resource_index/package_run_dependencies/tutorial_interfaces
[5.743s] -- Installing: /home/ubuntu/ros2_ws/install/tutorial_interfaces/share/ament_index/resource_index/parent_prefix_path/tutorial_interfaces
[5.744s] -- Installing: /home/ubuntu/ros2_ws/install/tutorial_interfaces/share/tutorial_interfaces/environment/ament_prefix_path.sh
[5.744s] -- Installing: /home/ubuntu/ros2_ws/install/tutorial_interfaces/share/tutorial_interfaces/environment/ament_prefix_path.dsv
[5.744s] -- Installing: /home/ubuntu/ros2_ws/install/tutorial_interfaces/share/tutorial_interfaces/environment/path.sh
[5.744s] -- Installing: /home/ubuntu/ros2_ws/install/tutorial_interfaces/share/tutorial_interfaces/environment/path.dsv
[5.744s] -- Installing: /home/ubuntu/ros2_ws/install/tutorial_interfaces/share/tutorial_interfaces/local_setup.bash
[5.745s] -- Installing: /home/ubuntu/ros2_ws/install/tutorial_interfaces/share/tutorial_interfaces/local_setup.sh
[5.745s] -- Installing: /home/ubuntu/ros2_ws/install/tutorial_interfaces/share/tutorial_interfaces/local_setup.zsh
[5.745s] -- Installing: /home/ubuntu/ros2_ws/install/tutorial_interfaces/share/tutorial_interfaces/local_setup.dsv
[5.745s] -- Installing: /home/ubuntu/ros2_ws/install/tutorial_interfaces/share/tutorial_interfaces/package.dsv
[5.745s] -- Installing: /home/ubuntu/ros2_ws/install/tutorial_interfaces/share/ament_index/resource_index/packages/tutorial_interfaces
[5.746s] -- Installing: /home/ubuntu/ros2_ws/install/tutorial_interfaces/share/tutorial_interfaces/cmake/export_tutorial_interfaces__rosidl_generator_cExport.cmake
[5.746s] -- Installing: /home/ubuntu/ros2_ws/install/tutorial_interfaces/share/tutorial_interfaces/cmake/export_tutorial_interfaces__rosidl_generator_cExport-noconfig.cmake
[5.746s] -- Installing: /home/ubuntu/ros2_ws/install/tutorial_interfaces/share/tutorial_interfaces/cmake/export_tutorial_interfaces__rosidl_typesupport_fastrtps_cExport.cmake
[5.746s] -- Installing: /home/ubuntu/ros2_ws/install/tutorial_interfaces/share/tutorial_interfaces/cmake/export_tutorial_interfaces__rosidl_typesupport_fastrtps_cExport-noconfig.cmake
[5.747s] -- Installing: /home/ubuntu/ros2_ws/install/tutorial_interfaces/share/tutorial_interfaces/cmake/export_tutorial_interfaces__rosidl_generator_cppExport.cmake
[5.747s] -- Installing: /home/ubuntu/ros2_ws/install/tutorial_interfaces/share/tutorial_interfaces/cmake/export_tutorial_interfaces__rosidl_typesupport_fastrtps_cppExport.cmake
[5.747s] -- Installing: /home/ubuntu/ros2_ws/install/tutorial_interfaces/share/tutorial_interfaces/cmake/export_tutorial_interfaces__rosidl_typesupport_fastrtps_cppExport-noconfig.cmake
[5.747s] -- Installing: /home/ubuntu/ros2_ws/install/tutorial_interfaces/share/tutorial_interfaces/cmake/tutorial_interfaces__rosidl_typesupport_introspection_cExport.cmake
[5.747s] -- Installing: /home/ubuntu/ros2_ws/install/tutorial_interfaces/share/tutorial_interfaces/cmake/tutorial_interfaces__rosidl_typesupport_introspection_cExport-noconfig.cmake
[5.748s] -- Installing: /home/ubuntu/ros2_ws/install/tutorial_interfaces/share/tutorial_interfaces/cmake/tutorial_interfaces__rosidl_typesupport_cExport.cmake
[5.748s] -- Installing: /home/ubuntu/ros2_ws/install/tutorial_interfaces/share/tutorial_interfaces/cmake/tutorial_interfaces__rosidl_typesupport_cExport-noconfig.cmake
[5.748s] -- Installing: /home/ubuntu/ros2_ws/install/tutorial_interfaces/share/tutorial_interfaces/cmake/tutorial_interfaces__rosidl_typesupport_introspection_cppExport.cmake
[5.748s] -- Installing: /home/ubuntu/ros2_ws/install/tutorial_interfaces/share/tutorial_interfaces/cmake/tutorial_interfaces__rosidl_typesupport_introspection_cppExport-noconfig.cmake
[5.749s] -- Installing: /home/ubuntu/ros2_ws/install/tutorial_interfaces/share/tutorial_interfaces/cmake/tutorial_interfaces__rosidl_typesupport_cppExport.cmake
[5.749s] -- Installing: /home/ubuntu/ros2_ws/install/tutorial_interfaces/share/tutorial_interfaces/cmake/tutorial_interfaces__rosidl_typesupport_cppExport-noconfig.cmake
[5.749s] -- Installing: /home/ubuntu/ros2_ws/install/tutorial_interfaces/share/tutorial_interfaces/cmake/export_tutorial_interfaces__rosidl_generator_pyExport.cmake
[5.749s] -- Installing: /home/ubuntu/ros2_ws/install/tutorial_interfaces/share/tutorial_interfaces/cmake/export_tutorial_interfaces__rosidl_generator_pyExport-noconfig.cmake
[5.749s] -- Installing: /home/ubuntu/ros2_ws/install/tutorial_interfaces/share/tutorial_interfaces/cmake/rosidl_cmake-extras.cmake
[5.750s] -- Installing: /home/ubuntu/ros2_ws/install/tutorial_interfaces/share/tutorial_interfaces/cmake/ament_cmake_export_dependencies-extras.cmake
[5.750s] -- Installing: /home/ubuntu/ros2_ws/install/tutorial_interfaces/share/tutorial_interfaces/cmake/ament_cmake_export_include_directories-extras.cmake
[5.750s] -- Installing: /home/ubuntu/ros2_ws/install/tutorial_interfaces/share/tutorial_interfaces/cmake/ament_cmake_export_libraries-extras.cmake
[5.750s] -- Installing: /home/ubuntu/ros2_ws/install/tutorial_interfaces/share/tutorial_interfaces/cmake/ament_cmake_export_targets-extras.cmake
[5.750s] -- Installing: /home/ubuntu/ros2_ws/install/tutorial_interfaces/share/tutorial_interfaces/cmake/rosidl_cmake_export_typesupport_targets-extras.cmake
[5.751s] -- Installing: /home/ubuntu/ros2_ws/install/tutorial_interfaces/share/tutorial_interfaces/cmake/rosidl_cmake_export_typesupport_libraries-extras.cmake
[5.751s] -- Installing: /home/ubuntu/ros2_ws/install/tutorial_interfaces/share/tutorial_interfaces/cmake/tutorial_interfacesConfig.cmake
[5.751s] -- Installing: /home/ubuntu/ros2_ws/install/tutorial_interfaces/share/tutorial_interfaces/cmake/tutorial_interfacesConfig-version.cmake
[5.751s] -- Installing: /home/ubuntu/ros2_ws/install/tutorial_interfaces/share/tutorial_interfaces/package.xml
[5.754s] Invoked command in '/home/ubuntu/ros2_ws/build/tutorial_interfaces' returned '0': CMAKE_PREFIX_PATH=${CMAKE_PREFIX_PATH}:/home/ubuntu/ros2_ws/install/my_package:/opt/ros/humble /usr/bin/cmake --install /home/ubuntu/ros2_ws/build/tutorial_interfaces
