[0.747s] Invoking command in '/home/ubuntu/ros2_ws/src/my_package': PYTHONPATH=/home/ubuntu/ros2_ws/build/my_package/prefix_override:/usr/lib/python3/dist-packages/colcon_core/task/python/colcon_distutils_commands:/home/ubuntu/ros2_ws/install/my_package/lib/python3.10/site-packages:${PYTHONPATH} /usr/bin/python3 -W ignore:setup.py install is deprecated -W ignore:easy_install command is deprecated setup.py egg_info --egg-base ../../build/my_package build --build-base /home/ubuntu/ros2_ws/build/my_package/build install --record /home/ubuntu/ros2_ws/build/my_package/install.log --single-version-externally-managed install_data
[0.987s] running egg_info
[0.988s] writing ../../build/my_package/my_package.egg-info/PKG-INFO
[0.988s] writing dependency_links to ../../build/my_package/my_package.egg-info/dependency_links.txt
[0.988s] writing entry points to ../../build/my_package/my_package.egg-info/entry_points.txt
[0.988s] writing requirements to ../../build/my_package/my_package.egg-info/requires.txt
[0.989s] writing top-level names to ../../build/my_package/my_package.egg-info/top_level.txt
[0.990s] reading manifest file '../../build/my_package/my_package.egg-info/SOURCES.txt'
[0.997s] adding license file 'LICENSE'
[1.000s] writing manifest file '../../build/my_package/my_package.egg-info/SOURCES.txt'
[1.001s] running build
[1.001s] running build_py
[1.001s] copying my_package/subscriber_member_function.py -> /home/ubuntu/ros2_ws/build/my_package/build/lib/my_package
[1.001s] copying my_package/publisher_member_function.py -> /home/ubuntu/ros2_ws/build/my_package/build/lib/my_package
[1.002s] running install
[1.002s] running install_lib
[1.004s] copying /home/ubuntu/ros2_ws/build/my_package/build/lib/my_package/subscriber_member_function.py -> /home/ubuntu/ros2_ws/install/my_package/lib/python3.10/site-packages/my_package
[1.004s] copying /home/ubuntu/ros2_ws/build/my_package/build/lib/my_package/publisher_member_function.py -> /home/ubuntu/ros2_ws/install/my_package/lib/python3.10/site-packages/my_package
[1.004s] byte-compiling /home/ubuntu/ros2_ws/install/my_package/lib/python3.10/site-packages/my_package/subscriber_member_function.py to subscriber_member_function.cpython-310.pyc
[1.005s] byte-compiling /home/ubuntu/ros2_ws/install/my_package/lib/python3.10/site-packages/my_package/publisher_member_function.py to publisher_member_function.cpython-310.pyc
[1.005s] running install_data
[1.006s] copying package.xml -> /home/ubuntu/ros2_ws/install/my_package/share/my_package
[1.006s] running install_egg_info
[1.007s] removing '/home/ubuntu/ros2_ws/install/my_package/lib/python3.10/site-packages/my_package-0.0.0-py3.10.egg-info' (and everything under it)
[1.008s] Copying ../../build/my_package/my_package.egg-info to /home/ubuntu/ros2_ws/install/my_package/lib/python3.10/site-packages/my_package-0.0.0-py3.10.egg-info
[1.009s] running install_scripts
[1.027s] Installing listener script to /home/ubuntu/ros2_ws/install/my_package/lib/my_package
[1.028s] Installing talker script to /home/ubuntu/ros2_ws/install/my_package/lib/my_package
[1.028s] writing list of installed files to '/home/ubuntu/ros2_ws/build/my_package/install.log'
[1.052s] Invoked command in '/home/ubuntu/ros2_ws/src/my_package' returned '0': PYTHONPATH=/home/ubuntu/ros2_ws/build/my_package/prefix_override:/usr/lib/python3/dist-packages/colcon_core/task/python/colcon_distutils_commands:/home/ubuntu/ros2_ws/install/my_package/lib/python3.10/site-packages:${PYTHONPATH} /usr/bin/python3 -W ignore:setup.py install is deprecated -W ignore:easy_install command is deprecated setup.py egg_info --egg-base ../../build/my_package build --build-base /home/ubuntu/ros2_ws/build/my_package/build install --record /home/ubuntu/ros2_ws/build/my_package/install.log --single-version-externally-managed install_data
