[0.630s] Invoking command in '/home/ubuntu/ros2_ws/src/python_parameters': PYTHONPATH=/home/ubuntu/ros2_ws/build/python_parameters/prefix_override:/usr/lib/python3/dist-packages/colcon_core/task/python/colcon_distutils_commands:/home/ubuntu/ros2_ws/install/python_parameters/lib/python3.10/site-packages:${PYTHONPATH} /usr/bin/python3 -W ignore:setup.py install is deprecated -W ignore:easy_install command is deprecated setup.py egg_info --egg-base ../../build/python_parameters build --build-base /home/ubuntu/ros2_ws/build/python_parameters/build install --record /home/ubuntu/ros2_ws/build/python_parameters/install.log --single-version-externally-managed install_data
[0.868s] running egg_info
[0.868s] writing ../../build/python_parameters/python_parameters.egg-info/PKG-INFO
[0.869s] writing dependency_links to ../../build/python_parameters/python_parameters.egg-info/dependency_links.txt
[0.869s] writing entry points to ../../build/python_parameters/python_parameters.egg-info/entry_points.txt
[0.869s] writing requirements to ../../build/python_parameters/python_parameters.egg-info/requires.txt
[0.869s] writing top-level names to ../../build/python_parameters/python_parameters.egg-info/top_level.txt
[0.870s] reading manifest file '../../build/python_parameters/python_parameters.egg-info/SOURCES.txt'
[0.870s] adding license file 'LICENSE'
[0.871s] writing manifest file '../../build/python_parameters/python_parameters.egg-info/SOURCES.txt'
[0.871s] running build
[0.871s] running build_py
[0.871s] running install
[0.872s] running install_lib
[0.873s] running install_data
[0.873s] copying launch/python_parameters_launch.py -> /home/ubuntu/ros2_ws/install/python_parameters/share/python_parameters
[0.873s] running install_egg_info
[0.876s] removing '/home/ubuntu/ros2_ws/install/python_parameters/lib/python3.10/site-packages/python_parameters-0.0.0-py3.10.egg-info' (and everything under it)
[0.876s] Copying ../../build/python_parameters/python_parameters.egg-info to /home/ubuntu/ros2_ws/install/python_parameters/lib/python3.10/site-packages/python_parameters-0.0.0-py3.10.egg-info
[0.877s] running install_scripts
[0.897s] Installing minimal_param_node script to /home/ubuntu/ros2_ws/install/python_parameters/lib/python_parameters
[0.897s] writing list of installed files to '/home/ubuntu/ros2_ws/build/python_parameters/install.log'
[0.920s] Invoked command in '/home/ubuntu/ros2_ws/src/python_parameters' returned '0': PYTHONPATH=/home/ubuntu/ros2_ws/build/python_parameters/prefix_override:/usr/lib/python3/dist-packages/colcon_core/task/python/colcon_distutils_commands:/home/ubuntu/ros2_ws/install/python_parameters/lib/python3.10/site-packages:${PYTHONPATH} /usr/bin/python3 -W ignore:setup.py install is deprecated -W ignore:easy_install command is deprecated setup.py egg_info --egg-base ../../build/python_parameters build --build-base /home/ubuntu/ros2_ws/build/python_parameters/build install --record /home/ubuntu/ros2_ws/build/python_parameters/install.log --single-version-externally-managed install_data
