[0.646s] Invoking command in '/home/ubuntu/robot_docker/src/spawn_turtles': PYTHONPATH=/home/ubuntu/robot_docker/build/spawn_turtles/prefix_override:/usr/lib/python3/dist-packages/colcon_core/task/python/colcon_distutils_commands:/home/ubuntu/robot_docker/install/spawn_turtles/lib/python3.10/site-packages:${PYTHONPATH} /usr/bin/python3 -W ignore:setup.py install is deprecated -W ignore:easy_install command is deprecated setup.py egg_info --egg-base ../../build/spawn_turtles build --build-base /home/ubuntu/robot_docker/build/spawn_turtles/build install --record /home/ubuntu/robot_docker/build/spawn_turtles/install.log --single-version-externally-managed install_data
[0.900s] running egg_info
[0.901s] writing ../../build/spawn_turtles/spawn_turtles.egg-info/PKG-INFO
[0.902s] writing dependency_links to ../../build/spawn_turtles/spawn_turtles.egg-info/dependency_links.txt
[0.902s] writing entry points to ../../build/spawn_turtles/spawn_turtles.egg-info/entry_points.txt
[0.902s] writing requirements to ../../build/spawn_turtles/spawn_turtles.egg-info/requires.txt
[0.902s] writing top-level names to ../../build/spawn_turtles/spawn_turtles.egg-info/top_level.txt
[0.905s] reading manifest file '../../build/spawn_turtles/spawn_turtles.egg-info/SOURCES.txt'
[0.905s] adding license file 'LICENSE'
[0.906s] writing manifest file '../../build/spawn_turtles/spawn_turtles.egg-info/SOURCES.txt'
[0.906s] running build
[0.907s] running build_py
[0.907s] running install
[0.907s] running install_lib
[0.908s] running install_data
[0.908s] running install_egg_info
[0.910s] removing '/home/ubuntu/robot_docker/install/spawn_turtles/lib/python3.10/site-packages/spawn_turtles-0.0.0-py3.10.egg-info' (and everything under it)
[0.910s] Copying ../../build/spawn_turtles/spawn_turtles.egg-info to /home/ubuntu/robot_docker/install/spawn_turtles/lib/python3.10/site-packages/spawn_turtles-0.0.0-py3.10.egg-info
[0.911s] running install_scripts
[0.933s] Installing spawn_turtles script to /home/ubuntu/robot_docker/install/spawn_turtles/lib/spawn_turtles
[0.933s] writing list of installed files to '/home/ubuntu/robot_docker/build/spawn_turtles/install.log'
[0.967s] Invoked command in '/home/ubuntu/robot_docker/src/spawn_turtles' returned '0': PYTHONPATH=/home/ubuntu/robot_docker/build/spawn_turtles/prefix_override:/usr/lib/python3/dist-packages/colcon_core/task/python/colcon_distutils_commands:/home/ubuntu/robot_docker/install/spawn_turtles/lib/python3.10/site-packages:${PYTHONPATH} /usr/bin/python3 -W ignore:setup.py install is deprecated -W ignore:easy_install command is deprecated setup.py egg_info --egg-base ../../build/spawn_turtles build --build-base /home/ubuntu/robot_docker/build/spawn_turtles/build install --record /home/ubuntu/robot_docker/build/spawn_turtles/install.log --single-version-externally-managed install_data
