[0.710s] Invoking command in '/home/ubuntu/ros2_ws/src/my_package': PYTHONPATH=/home/ubuntu/ros2_ws/build/my_package/prefix_override:/usr/lib/python3/dist-packages/colcon_core/task/python/colcon_distutils_commands:/home/ubuntu/ros2_ws/install/my_package/lib/python3.10/site-packages:${PYTHONPATH} /usr/bin/python3 -W ignore:setup.py install is deprecated -W ignore:easy_install command is deprecated setup.py egg_info --egg-base ../../build/my_package build --build-base /home/ubuntu/ros2_ws/build/my_package/build install --record /home/ubuntu/ros2_ws/build/my_package/install.log --single-version-externally-managed install_data
[0.961s] running egg_info
[0.963s] writing ../../build/my_package/my_package.egg-info/PKG-INFO
[0.963s] writing dependency_links to ../../build/my_package/my_package.egg-info/dependency_links.txt
[0.963s] writing entry points to ../../build/my_package/my_package.egg-info/entry_points.txt
[0.963s] writing requirements to ../../build/my_package/my_package.egg-info/requires.txt
[0.963s] writing top-level names to ../../build/my_package/my_package.egg-info/top_level.txt
[0.965s] reading manifest file '../../build/my_package/my_package.egg-info/SOURCES.txt'
[0.971s] adding license file 'LICENSE'
[0.971s] writing manifest file '../../build/my_package/my_package.egg-info/SOURCES.txt'
[0.971s] running build
[0.971s] running build_py
[0.971s] copying my_package/subscriber_member_function.py -> /home/ubuntu/ros2_ws/build/my_package/build/lib/my_package
[0.972s] copying my_package/publisher_member_function.py -> /home/ubuntu/ros2_ws/build/my_package/build/lib/my_package
[0.972s] running install
[0.972s] running install_lib
[0.973s] copying /home/ubuntu/ros2_ws/build/my_package/build/lib/my_package/subscriber_member_function.py -> /home/ubuntu/ros2_ws/install/my_package/lib/python3.10/site-packages/my_package
[0.973s] copying /home/ubuntu/ros2_ws/build/my_package/build/lib/my_package/publisher_member_function.py -> /home/ubuntu/ros2_ws/install/my_package/lib/python3.10/site-packages/my_package
[0.973s] byte-compiling /home/ubuntu/ros2_ws/install/my_package/lib/python3.10/site-packages/my_package/subscriber_member_function.py to subscriber_member_function.cpython-310.pyc
[0.974s] byte-compiling /home/ubuntu/ros2_ws/install/my_package/lib/python3.10/site-packages/my_package/publisher_member_function.py to publisher_member_function.cpython-310.pyc
[0.974s] running install_data
[0.974s] copying package.xml -> /home/ubuntu/ros2_ws/install/my_package/share/my_package
[0.975s] running install_egg_info
[0.976s] removing '/home/ubuntu/ros2_ws/install/my_package/lib/python3.10/site-packages/my_package-0.0.0-py3.10.egg-info' (and everything under it)
[0.976s] Copying ../../build/my_package/my_package.egg-info to /home/ubuntu/ros2_ws/install/my_package/lib/python3.10/site-packages/my_package-0.0.0-py3.10.egg-info
[0.977s] running install_scripts
[0.999s] Installing listener script to /home/ubuntu/ros2_ws/install/my_package/lib/my_package
[0.999s] Installing talker script to /home/ubuntu/ros2_ws/install/my_package/lib/my_package
[0.999s] writing list of installed files to '/home/ubuntu/ros2_ws/build/my_package/install.log'
[1.023s] Invoked command in '/home/ubuntu/ros2_ws/src/my_package' returned '0': PYTHONPATH=/home/ubuntu/ros2_ws/build/my_package/prefix_override:/usr/lib/python3/dist-packages/colcon_core/task/python/colcon_distutils_commands:/home/ubuntu/ros2_ws/install/my_package/lib/python3.10/site-packages:${PYTHONPATH} /usr/bin/python3 -W ignore:setup.py install is deprecated -W ignore:easy_install command is deprecated setup.py egg_info --egg-base ../../build/my_package build --build-base /home/ubuntu/ros2_ws/build/my_package/build install --record /home/ubuntu/ros2_ws/build/my_package/install.log --single-version-externally-managed install_data
