[0.681s] Invoking command in '/home/ubuntu/ros2_ws/src/py_srvcli': AMENT_PREFIX_PATH=/home/ubuntu/ros2_ws/install/tutorial_interfaces:${AMENT_PREFIX_PATH} CMAKE_PREFIX_PATH=/home/ubuntu/ros2_ws/install/tutorial_interfaces:${CMAKE_PREFIX_PATH} LD_LIBRARY_PATH=/home/ubuntu/ros2_ws/install/tutorial_interfaces/lib:${LD_LIBRARY_PATH} PYTHONPATH=/home/ubuntu/ros2_ws/build/py_srvcli/prefix_override:/usr/lib/python3/dist-packages/colcon_core/task/python/colcon_distutils_commands:/home/ubuntu/ros2_ws/install/py_srvcli/lib/python3.10/site-packages:/home/ubuntu/ros2_ws/install/tutorial_interfaces/local/lib/python3.10/dist-packages:${PYTHONPATH} /usr/bin/python3 -W ignore:setup.py install is deprecated -W ignore:easy_install command is deprecated setup.py egg_info --egg-base ../../build/py_srvcli build --build-base /home/ubuntu/ros2_ws/build/py_srvcli/build install --record /home/ubuntu/ros2_ws/build/py_srvcli/install.log --single-version-externally-managed install_data
[0.934s] running egg_info
[0.935s] writing ../../build/py_srvcli/py_srvcli.egg-info/PKG-INFO
[0.935s] writing dependency_links to ../../build/py_srvcli/py_srvcli.egg-info/dependency_links.txt
[0.935s] writing entry points to ../../build/py_srvcli/py_srvcli.egg-info/entry_points.txt
[0.936s] writing requirements to ../../build/py_srvcli/py_srvcli.egg-info/requires.txt
[0.936s] writing top-level names to ../../build/py_srvcli/py_srvcli.egg-info/top_level.txt
[0.937s] reading manifest file '../../build/py_srvcli/py_srvcli.egg-info/SOURCES.txt'
[0.938s] adding license file 'LICENSE'
[0.938s] writing manifest file '../../build/py_srvcli/py_srvcli.egg-info/SOURCES.txt'
[0.938s] running build
[0.939s] running build_py
[0.939s] copying py_srvcli/client_member_function.py -> /home/ubuntu/ros2_ws/build/py_srvcli/build/lib/py_srvcli
[0.939s] running install
[0.939s] running install_lib
[0.941s] copying /home/ubuntu/ros2_ws/build/py_srvcli/build/lib/py_srvcli/client_member_function.py -> /home/ubuntu/ros2_ws/install/py_srvcli/lib/python3.10/site-packages/py_srvcli
[0.942s] byte-compiling /home/ubuntu/ros2_ws/install/py_srvcli/lib/python3.10/site-packages/py_srvcli/client_member_function.py to client_member_function.cpython-310.pyc
[0.943s] running install_data
[0.943s] running install_egg_info
[0.945s] removing '/home/ubuntu/ros2_ws/install/py_srvcli/lib/python3.10/site-packages/py_srvcli-0.0.0-py3.10.egg-info' (and everything under it)
[0.945s] Copying ../../build/py_srvcli/py_srvcli.egg-info to /home/ubuntu/ros2_ws/install/py_srvcli/lib/python3.10/site-packages/py_srvcli-0.0.0-py3.10.egg-info
[0.946s] running install_scripts
[0.966s] Installing client script to /home/ubuntu/ros2_ws/install/py_srvcli/lib/py_srvcli
[0.966s] Installing service script to /home/ubuntu/ros2_ws/install/py_srvcli/lib/py_srvcli
[0.967s] writing list of installed files to '/home/ubuntu/ros2_ws/build/py_srvcli/install.log'
[1.000s] Invoked command in '/home/ubuntu/ros2_ws/src/py_srvcli' returned '0': AMENT_PREFIX_PATH=/home/ubuntu/ros2_ws/install/tutorial_interfaces:${AMENT_PREFIX_PATH} CMAKE_PREFIX_PATH=/home/ubuntu/ros2_ws/install/tutorial_interfaces:${CMAKE_PREFIX_PATH} LD_LIBRARY_PATH=/home/ubuntu/ros2_ws/install/tutorial_interfaces/lib:${LD_LIBRARY_PATH} PYTHONPATH=/home/ubuntu/ros2_ws/build/py_srvcli/prefix_override:/usr/lib/python3/dist-packages/colcon_core/task/python/colcon_distutils_commands:/home/ubuntu/ros2_ws/install/py_srvcli/lib/python3.10/site-packages:/home/ubuntu/ros2_ws/install/tutorial_interfaces/local/lib/python3.10/dist-packages:${PYTHONPATH} /usr/bin/python3 -W ignore:setup.py install is deprecated -W ignore:easy_install command is deprecated setup.py egg_info --egg-base ../../build/py_srvcli build --build-base /home/ubuntu/ros2_ws/build/py_srvcli/build install --record /home/ubuntu/ros2_ws/build/py_srvcli/install.log --single-version-externally-managed install_data
