[0.771s] Invoking command in '/home/ubuntu/ros2_ws/src/py_srvcli': PYTHONPATH=/home/ubuntu/ros2_ws/build/py_srvcli/prefix_override:/usr/lib/python3/dist-packages/colcon_core/task/python/colcon_distutils_commands:/home/ubuntu/ros2_ws/install/py_srvcli/lib/python3.10/site-packages:${PYTHONPATH} /usr/bin/python3 -W ignore:setup.py install is deprecated -W ignore:easy_install command is deprecated setup.py egg_info --egg-base ../../build/py_srvcli build --build-base /home/ubuntu/ros2_ws/build/py_srvcli/build install --record /home/ubuntu/ros2_ws/build/py_srvcli/install.log --single-version-externally-managed install_data
[1.026s] running egg_info
[1.027s] creating ../../build/py_srvcli/py_srvcli.egg-info
[1.027s] writing ../../build/py_srvcli/py_srvcli.egg-info/PKG-INFO
[1.027s] writing dependency_links to ../../build/py_srvcli/py_srvcli.egg-info/dependency_links.txt
[1.028s] writing entry points to ../../build/py_srvcli/py_srvcli.egg-info/entry_points.txt
[1.028s] writing requirements to ../../build/py_srvcli/py_srvcli.egg-info/requires.txt
[1.028s] writing top-level names to ../../build/py_srvcli/py_srvcli.egg-info/top_level.txt
[1.028s] writing manifest file '../../build/py_srvcli/py_srvcli.egg-info/SOURCES.txt'
[1.030s] reading manifest file '../../build/py_srvcli/py_srvcli.egg-info/SOURCES.txt'
[1.030s] adding license file 'LICENSE'
[1.031s] writing manifest file '../../build/py_srvcli/py_srvcli.egg-info/SOURCES.txt'
[1.031s] running build
[1.031s] running build_py
[1.031s] creating /home/ubuntu/ros2_ws/build/py_srvcli/build
[1.032s] creating /home/ubuntu/ros2_ws/build/py_srvcli/build/lib
[1.032s] creating /home/ubuntu/ros2_ws/build/py_srvcli/build/lib/py_srvcli
[1.032s] copying py_srvcli/client_member_function.py -> /home/ubuntu/ros2_ws/build/py_srvcli/build/lib/py_srvcli
[1.032s] copying py_srvcli/service_member_function.py -> /home/ubuntu/ros2_ws/build/py_srvcli/build/lib/py_srvcli
[1.032s] copying py_srvcli/__init__.py -> /home/ubuntu/ros2_ws/build/py_srvcli/build/lib/py_srvcli
[1.032s] running install
[1.032s] running install_lib
[1.033s] creating /home/ubuntu/ros2_ws/install/py_srvcli/lib/python3.10/site-packages/py_srvcli
[1.033s] copying /home/ubuntu/ros2_ws/build/py_srvcli/build/lib/py_srvcli/client_member_function.py -> /home/ubuntu/ros2_ws/install/py_srvcli/lib/python3.10/site-packages/py_srvcli
[1.033s] copying /home/ubuntu/ros2_ws/build/py_srvcli/build/lib/py_srvcli/service_member_function.py -> /home/ubuntu/ros2_ws/install/py_srvcli/lib/python3.10/site-packages/py_srvcli
[1.033s] copying /home/ubuntu/ros2_ws/build/py_srvcli/build/lib/py_srvcli/__init__.py -> /home/ubuntu/ros2_ws/install/py_srvcli/lib/python3.10/site-packages/py_srvcli
[1.034s] byte-compiling /home/ubuntu/ros2_ws/install/py_srvcli/lib/python3.10/site-packages/py_srvcli/client_member_function.py to client_member_function.cpython-310.pyc
[1.034s] byte-compiling /home/ubuntu/ros2_ws/install/py_srvcli/lib/python3.10/site-packages/py_srvcli/service_member_function.py to service_member_function.cpython-310.pyc
[1.035s] byte-compiling /home/ubuntu/ros2_ws/install/py_srvcli/lib/python3.10/site-packages/py_srvcli/__init__.py to __init__.cpython-310.pyc
[1.035s] running install_data
[1.035s] creating /home/ubuntu/ros2_ws/install/py_srvcli/share/ament_index
[1.035s] creating /home/ubuntu/ros2_ws/install/py_srvcli/share/ament_index/resource_index
[1.035s] creating /home/ubuntu/ros2_ws/install/py_srvcli/share/ament_index/resource_index/packages
[1.035s] copying resource/py_srvcli -> /home/ubuntu/ros2_ws/install/py_srvcli/share/ament_index/resource_index/packages
[1.035s] copying package.xml -> /home/ubuntu/ros2_ws/install/py_srvcli/share/py_srvcli
[1.035s] running install_egg_info
[1.037s] Copying ../../build/py_srvcli/py_srvcli.egg-info to /home/ubuntu/ros2_ws/install/py_srvcli/lib/python3.10/site-packages/py_srvcli-0.0.0-py3.10.egg-info
[1.038s] running install_scripts
[1.059s] Installing client script to /home/ubuntu/ros2_ws/install/py_srvcli/lib/py_srvcli
[1.059s] Installing service script to /home/ubuntu/ros2_ws/install/py_srvcli/lib/py_srvcli
[1.060s] writing list of installed files to '/home/ubuntu/ros2_ws/build/py_srvcli/install.log'
[1.086s] Invoked command in '/home/ubuntu/ros2_ws/src/py_srvcli' returned '0': PYTHONPATH=/home/ubuntu/ros2_ws/build/py_srvcli/prefix_override:/usr/lib/python3/dist-packages/colcon_core/task/python/colcon_distutils_commands:/home/ubuntu/ros2_ws/install/py_srvcli/lib/python3.10/site-packages:${PYTHONPATH} /usr/bin/python3 -W ignore:setup.py install is deprecated -W ignore:easy_install command is deprecated setup.py egg_info --egg-base ../../build/py_srvcli build --build-base /home/ubuntu/ros2_ws/build/py_srvcli/build install --record /home/ubuntu/ros2_ws/build/py_srvcli/install.log --single-version-externally-managed install_data
