running egg_info
creating ../../build/spawn_turtles/spawn_turtles.egg-info
writing ../../build/spawn_turtles/spawn_turtles.egg-info/PKG-INFO
writing dependency_links to ../../build/spawn_turtles/spawn_turtles.egg-info/dependency_links.txt
writing entry points to ../../build/spawn_turtles/spawn_turtles.egg-info/entry_points.txt
writing requirements to ../../build/spawn_turtles/spawn_turtles.egg-info/requires.txt
writing top-level names to ../../build/spawn_turtles/spawn_turtles.egg-info/top_level.txt
writing manifest file '../../build/spawn_turtles/spawn_turtles.egg-info/SOURCES.txt'
reading manifest file '../../build/spawn_turtles/spawn_turtles.egg-info/SOURCES.txt'
adding license file 'LICENSE'
writing manifest file '../../build/spawn_turtles/spawn_turtles.egg-info/SOURCES.txt'
running build
running build_py
creating /home/ubuntu/robot_docker/build/spawn_turtles/build
creating /home/ubuntu/robot_docker/build/spawn_turtles/build/lib
creating /home/ubuntu/robot_docker/build/spawn_turtles/build/lib/spawn_turtles
copying spawn_turtles/client_spawn.py -> /home/ubuntu/robot_docker/build/spawn_turtles/build/lib/spawn_turtles
copying spawn_turtles/__init__.py -> /home/ubuntu/robot_docker/build/spawn_turtles/build/lib/spawn_turtles
running install
running install_lib
creating /home/ubuntu/robot_docker/install/spawn_turtles/lib/python3.10/site-packages/spawn_turtles
copying /home/ubuntu/robot_docker/build/spawn_turtles/build/lib/spawn_turtles/client_spawn.py -> /home/ubuntu/robot_docker/install/spawn_turtles/lib/python3.10/site-packages/spawn_turtles
copying /home/ubuntu/robot_docker/build/spawn_turtles/build/lib/spawn_turtles/__init__.py -> /home/ubuntu/robot_docker/install/spawn_turtles/lib/python3.10/site-packages/spawn_turtles
byte-compiling /home/ubuntu/robot_docker/install/spawn_turtles/lib/python3.10/site-packages/spawn_turtles/client_spawn.py to client_spawn.cpython-310.pyc
byte-compiling /home/ubuntu/robot_docker/install/spawn_turtles/lib/python3.10/site-packages/spawn_turtles/__init__.py to __init__.cpython-310.pyc
running install_data
creating /home/ubuntu/robot_docker/install/spawn_turtles/share/ament_index
creating /home/ubuntu/robot_docker/install/spawn_turtles/share/ament_index/resource_index
creating /home/ubuntu/robot_docker/install/spawn_turtles/share/ament_index/resource_index/packages
copying resource/spawn_turtles -> /home/ubuntu/robot_docker/install/spawn_turtles/share/ament_index/resource_index/packages
copying package.xml -> /home/ubuntu/robot_docker/install/spawn_turtles/share/spawn_turtles
running install_egg_info
Copying ../../build/spawn_turtles/spawn_turtles.egg-info to /home/ubuntu/robot_docker/install/spawn_turtles/lib/python3.10/site-packages/spawn_turtles-0.0.0-py3.10.egg-info
running install_scripts
Installing spawn_turtles script to /home/ubuntu/robot_docker/install/spawn_turtles/lib/spawn_turtles
writing list of installed files to '/home/ubuntu/robot_docker/build/spawn_turtles/install.log'
